  
 ******************** TIME CONTROL ********************
 Starting Chargemol version 3.5 September 26, 2017.
 ******************************************************
  
 Starting DDEC program
 2017/09/30  19:03:10
 Copyright (c) 2014, 2015, 2016 by Thomas A. Manz and Nidia Gabaldon Limas. Rights reserved.
  
 **************** THREAD INFORMATION ******************
 Job running using serial mode.
  
 ******************************************************
  
 /home/tamanz/bin/atomic_densities/                                                                                                                                                                      
  
 ******************** TIME CONTROL ********************
 Starting format_valence_cube_density
 ******************************************************
  
 inputfile = "valence_density.cube"
 parameters
   3.0000000000000000        0.0000000000000000        0.0000000000000000        0.0000000000000000     
   160.00000000000000       0.17716199999999999        0.0000000000000000        0.0000000000000000     
   160.00000000000000        0.0000000000000000       0.17716199999999999        0.0000000000000000     
   160.00000000000000        0.0000000000000000        0.0000000000000000       0.17716199999999999     
 The maximum pixel electron correction was:    0.0000000000000000     
 The number of pixel corrections was:            0
 sum_negative_density
  -1.0093592054345519E-004
  
 ******************** TIME CONTROL ********************
 Starting add_missing_core_density
 ******************************************************
  
 center_nabc =
           0          11          12
           0          19           5
           0           3           6
 delta_na=     55
 delta_nb=     55
 delta_nc=     55
  
 ******************** TIME CONTROL ********************
 Starting check_grid_spacing
 ******************************************************
  
 The grid spacing in your electron density input file is adequate.
  
 ******************** TIME CONTROL ********************
 Finished check_grid_spacing in    9.7999997437000275E-002 seconds
 ******************************************************
  
 Checking to see that all core electrons are accounted for:
  
 Printing atom number, atomic number, core electrons, and missing core for each atom.
 (Missing core electrons will be inserted using stored core electron reference densities.)
    1    8     2.000000    2
    2    1     0.000000    0
    3    1     0.000000    0
 Finished the check for missing core electrons.
  
 ******************** TIME CONTROL ********************
 Finished add_missing_core_density in   0.13400000333786011      seconds
 ******************************************************
  
  
 ******************** TIME CONTROL ********************
 Finished format_valence_cube_density in    2.6089999675750732      seconds
 ******************************************************
  
 ncore =        2.0000
 nvalence =        8.0000
 pixelvolume =    5.5605E-03
 numerically integrated valence density =    8.0001E+00
 sum_valence_occupancy_correction =    0.0000E+00
 checkme =    1.2600E-04
 The grid spacing is adequate and all electrons are properly accounted for.
 Calculation will proceed.
 Making sure the atomic coordinates for periodic directions are inside the reference unit cell.
 The adjusted atomic coordinates are
    0.0000    1.9487    2.1267
    0.0000    3.3733    0.9679
    0.0000    0.4795    1.0252
  
 The adjusted center_nabc is
           0          11          12
           0          19           5
           0           3           6
  
 ******************** TIME CONTROL ********************
 Starting core_iterator
 ******************************************************
  
 Iteratively solving for the core charge distributions:
 Iteration=   1
 change=   3.683237E+00
 Iteration=   2
 change=   1.886926E-09
 Iteration=   3
 change=   0.000000E+00
 Iteration=   4
 change=   0.000000E+00
 Iteration=   5
 change=   0.000000E+00
 Iteration=   6
 change=   0.000000E+00
 Correcting the core density grid
 iteration=            1
 iteration=            2
 iteration=            3
 iteration=            4
 iteration=            5
 iteration=            6
 iteration=            7
 Core density grid corrected in the following number of iterations: 
 iter=            7
  
 ******************** TIME CONTROL ********************
 Finished core_iterator in    1.4960000514984131      seconds
 ******************************************************
  
  
 ******************** TIME CONTROL ********************
 Starting valence_iterator
 ******************************************************
  
 Iteratively solving for the atomic partial charge distributions:
 Normalization =  0.99999152494095056     
 Information for noniterative Hirshfeld method will be printed now.
  
 ******************** TIME CONTROL ********************
 Starting local_multipole_moment_analysis
 ******************************************************
  
 Multipole analysis for each of the expansion sites.
 XYZ coordinates, net charges, and multipoles are in atomic units. Dipoles and quadrupoles are for valence electrons.
 center number, atomic number, x, y, z, net_charge, dipole_x, dipole_y, dipole_z, dipole_mag, Qxy, Qxz, Qyz, Q(x^2-y^2), Q(3z^2 - R^2),three eigenvalues of traceless quadrupole moment tensor
     1     8  0.000000  1.948738  2.126661 -0.285339  0.000000 -0.002432 -0.144896  0.144916  0.000000 -0.000000 -0.006509 -0.572590 -0.070937 -0.274472 -0.023777  0.298249
     2     1  0.000000  3.373294  0.967874  0.142359  0.000000  0.180097 -0.133958  0.224454 -0.000000 -0.000000  0.031806 -0.133228  0.006978 -0.067777 -0.010920  0.078697
     3     1  0.000000  0.479465  1.025172  0.142980 -0.000000 -0.184896 -0.126288  0.223909  0.000000  0.000000 -0.034034 -0.131331  0.014539 -0.068089 -0.010798  0.078887
  
 ******************** TIME CONTROL ********************
 Finished local_multipole_moment_analysis in   0.19400000572204590      seconds
 ******************************************************
  
 Information for noniterative CM5 method will be printed now.
 The computed CM5 net atomic charges are:
    -0.609970     0.304671     0.305298
 Hirshfeld and CM5 analysis finished, calculation of iterative AIM will proceed.
 iter =            1
 Localized charges for the current iteration: 
     -0.626839      0.313167      0.313672
 Net atomic charges for the current iteration: 
     -0.285339      0.142359      0.142980
 The updated reference ion charges will be: 
     -0.513006      0.256231      0.256775
 Normalization =  0.99999152494088772     
 iter =            2
 Localized charges for the current iteration: 
     -0.939538      0.469406      0.470132
 Net atomic charges for the current iteration: 
     -0.615695      0.307476      0.308219
 The updated reference ion charges will be: 
     -0.831591      0.415430      0.416161
  
 ******************************************************
 Finished first 2 partitioning steps in    1.3689999580383301      seconds
 ******************************************************
  
 normalization=       0.999992
  
 ******************************************************
 Finished conditioned number of reference ion electrons in   0.22800000011920929      seconds
 ******************************************************
  
  
 ******************************************************
 Finished conditioned monotonic decay of reference density in    0.0000000000000000      seconds
 ******************************************************
  
 iter = 3
 Iterations to converge reshaping: 
           1
  
 ******************************************************
 Finished tau calculation in   0.23700000345706940      seconds
 ******************************************************
  
 Conditioned reference density computation complete.
  
 ******************************************************
 Finished 3rd partitioning step in   0.46500000357627869      seconds
 This is the number of second to condition the reference densities plus the calculation of tau
 ******************************************************
  
 iteration=            4
 Normalization:   0.999991525
 Net atomic charges for the current iteration: 
     -0.802856      0.401252      0.401605
 Max change:  1.871609E-01
 Maximum density change:  4.682209E+01
 Iterations to converge reshaping: 
           1
 iteration=            5
 Normalization:   0.999991525
 Net atomic charges for the current iteration: 
     -0.784564      0.392039      0.392525
 Max change:  1.829221E-02
 Maximum density change:  6.501197E-03
 Iterations to converge reshaping: 
           2
 iteration=            6
 Normalization:   0.999991525
 Net atomic charges for the current iteration: 
     -0.769727      0.384616      0.385111
 Max change:  1.483662E-02
 Maximum density change:  2.736076E-03
 Iterations to converge reshaping: 
           2
 iteration=            7
 Normalization:   0.999991525
 Net atomic charges for the current iteration: 
     -0.757097      0.378410      0.378687
 Max change:  1.263089E-02
 Maximum density change:  1.460738E-03
  
 ******************************************************
 Finished charge partitioning steps 4-7 in    1.0140000581741333      seconds
 ******************************************************
  
  
 ******************** TIME CONTROL ********************
 Finished valence_iterator in    2.8480000495910645      seconds
 ******************************************************
  
  
 ******************** TIME CONTROL ********************
 Starting local_multipole_moment_analysis
 ******************************************************
  
 Multipole analysis for each of the expansion sites.
 XYZ coordinates, net charges, and multipoles are in atomic units. Dipoles and quadrupoles are for valence electrons.
 center number, atomic number, x, y, z, net_charge, dipole_x, dipole_y, dipole_z, dipole_mag, Qxy, Qxz, Qyz, Q(x^2-y^2), Q(3z^2 - R^2),three eigenvalues of traceless quadrupole moment tensor
     1     8  0.000000  1.948738  2.126661 -0.757097  0.000000  0.002751  0.132928  0.132957  0.000000 -0.000000 -0.005018 -0.518322  0.020501 -0.262578  0.006733  0.255845
     2     1  0.000000  3.373294  0.967874  0.378410  0.000000  0.041558 -0.003375  0.041695 -0.000000 -0.000000 -0.009382 -0.073103  0.026446 -0.040959  0.005511  0.035449
     3     1  0.000000  0.479465  1.025172  0.378687 -0.000000 -0.041490 -0.001533  0.041518  0.000000  0.000000  0.008560 -0.073978  0.024424 -0.041060  0.005472  0.035588
  
 ******************** TIME CONTROL ********************
 Finished local_multipole_moment_analysis in   0.19400000572204590      seconds
 ******************************************************
  
 Since the system is periodic, total multipole moment analysis will not be performed.
 Calculation of the electron cloud penetration terms
  
 ******************** TIME CONTROL ********************
 Starting perform_BO_analysis
 ******************************************************
  
 Starting Effective Bond Order (BO) Analysis
  
 ******************** TIME CONTROL ********************
 Starting prepare_BO_density_grids
 ******************************************************
  
 Preparing density grids for bond order analysis ...
 Total density grid corrected in the following number of iterations:     2
 The total integrated number of electrons is       10.000000
 Grid preparation complete.
  
 ******************** TIME CONTROL ********************
 Finished prepare_BO_density_grids in   0.25000000000000000      seconds
 ******************************************************
  
  
 ******************** TIME CONTROL ********************
 Starting compute_local_atomic_exchange_vectors
 ******************************************************
  
  
 ******************** TIME CONTROL ********************
 Finished compute_local_atomic_exchange_vectors in   0.26399999856948853      seconds
 ******************************************************
  
  
 ******************** TIME CONTROL ********************
 Starting initialize_bond_pair_matrix
 ******************************************************
  
 Initializing the bond pair matrix ...
 The total number of symmetry unique atom pairs to include in the bond pair matrix is
 num_sym_unique_bond_pairs:      3
 The bond pair matrix has been initialized.
  
 ******************** TIME CONTROL ********************
 Finished initialize_bond_pair_matrix in    3.0000000260770321E-003 seconds
 ******************************************************
  
  
 ******************** TIME CONTROL ********************
 Starting compute_summed_contact_exchange
 ******************************************************
  
  
 ******************** TIME CONTROL ********************
 Finished compute_summed_contact_exchange in   0.13300000131130219      seconds
 ******************************************************
  
  
 ******************** TIME CONTROL ********************
 Starting integrate_bonding_terms
 ******************************************************
  
  
 ******************** TIME CONTROL ********************
 Finished integrate_bonding_terms in   0.19599999487400055      seconds
 ******************************************************
  
  
 ******************** TIME CONTROL ********************
 Starting calculate_final_BOs
 ******************************************************
  
 Checking for consistency in the summed contact exchange
 The maximum error in the summed contact exchange is     0.000000
  
 The sum of contact exchanges for each atom are:
    1.126465
    0.582841
    0.582258
  
 The sum of BOs for each atom are:
    1.784502
    0.913011
    0.912441
  
 The final bond pair matrix is
     1     2    0.000000    0.000000    0.000000  -55.000000   55.000000  -36.000000   66.000000  -43.000000   60.000000    0.563524    0.563524    0.566043    0.282995    0.998313    0.335921    0.335355    0.898878    0.892536
     1     3    0.000000    0.000000    0.000000  -55.000000   55.000000  -44.000000   58.000000  -43.000000   61.000000    0.562941    0.562941    0.565584    0.282557    0.998313    0.335374    0.334808    0.897749    0.891966
     2     3    0.000000    0.000000    0.000000  -55.000000   55.000000  -36.000000   58.000000  -49.000000   60.000000    0.019317    0.019317    0.020217    0.001118    0.999972    0.001180    0.001180    0.020497    0.020475
 The legend for the bond pair matrix follows:
 Columns 1 and 2 = atom numbers
 Columns 3 to 5 = repeata, repeatb, repeatc (i.e., periodic translation of second atom)
 Columns 6 to 11 = corners of the shared parallepiped: min na, max na, min nb, max nb, min nc, max nc
 Columns 12 =  contact exchange
 Columns 13 =  a term for computing average spin polarization of bonding
 Columns 14 =  overlap population
 Columns 15 =  the integrated second order atomic exchange propensities for computing bond order
 Columns 16 =  the coordination term constructed from tanh function
 Columns 17 =  the pairwise term
 Columns 18 =  expansion term combining coordination and pairwise terms
 Columns 19 =  bond index before imposing the atom self-exchange constraint
 Columns 20 =  final bond order
 
 The atom self-exchange constraint affected (by at least 0.1_dp*BO_print_cutoff)      2 bond orders.
 
  
 ******************** TIME CONTROL ********************
 Finished calculate_final_BOs in    3.0000000260770321E-003 seconds
 ******************************************************
  
 Bond order analysis complete.
  
 ******************** TIME CONTROL ********************
 Finished perform_BO_analysis in   0.84899997711181641      seconds
 ******************************************************
  
 The computed Rsquared moments of the atoms (in bohr^2) are: 
    13.940351     1.252376     1.250056
 The computed Rcubed moments of the atoms (in bohr^3) are: 
    28.116898     2.883143     2.869236
 The computed Rfourth moments of the atoms (in bohr^4) are: 
    70.415733     8.558301     8.466928
 Normal termination of Chargemol program.
 Copyright (c) 2014, 2015, 2016, 2017 by Thomas A. Manz and Nidia Gabaldon Limas. Rights reserved.
 Use and distribution of this program is subject to certain licensing restrictions.
 Please see ddec.sourceforge.net for details.
  
 Please cite the following journal references when using this program to compute DDEC6 charges:
 N. Gabaldon Limas and T. A. Manz,  "Introducing DDEC6 atomic population analysis: part 2. 
 Computed results for a wide range of periodic and nonperiodic materials," RSC Advances, Vol. 6 (2016) 45727-45747.
 T. A. Manz and N. Gabaldon Limas, "Introducing DDEC6 atomic population analysis: part 1.
 Charge partitioning theory and methodology," RSC Advances, Vol. 6 (2016) 47771-47801.
 If desired, you can also cite references listed below for the DDEC3 and earlier methods.
  
 Please cite the following journal references when using this program to compute DDEC, Hirshfeld, or ISA charges:
 Thomas A. Manz and David S. Sholl, "Improved Atoms-in-Molecule Charge Partitioning Functional for Simultaneously Reproducing the Electrostatic
 Potential and Chemical States in Periodic and Non-Periodic Materials", J. Chem. Theory Comput., Vol. 8 (2012) 2844-2867.
 Thomas A. Manz and David S. Sholl, "Chemically Meaningful Atomic Charges that Reproduce the Electrostatic Potential in Periodic and Nonperiodic
 Materials", J. Chem. Theory Comput., Vol. 6 (2010) 2455-2468.
  
 Please cite the following journal reference when using this program to compute atomic spin moments:
 Thomas A. Manz and David S. Sholl, "Methods for Computing Accurate Atomic Spin Moments for Collinear and Noncollinear Magnetism in Periodic and
 Nonperiodic Materials", J. Chem. Theory Comput., Vol. 7 (2011) 4146-4164.
  
 Please cite the following reference when using this program to compute bond orders:
 Thomas A. Manz, "Introducing DDEC6 atomic population analysis: part 3. Comprehensive method to compute bond orders.", RSC Advances, Vol. 7 (2017) 45552-45581.
  
 Exiting Chargemol
 2017/09/30  19:03:19
  
 ******************** TIME CONTROL ********************
 Finished chargemol in    8.2139997482299805      seconds
 ******************************************************
  
