  
 ******************** TIME CONTROL ********************
 Starting Chargemol version 3.5 September 26, 2017.
 ******************************************************
  
 Starting DDEC program
 2017/10/01  14:03:53
 Copyright (c) 2014, 2015, 2016 by Thomas A. Manz and Nidia Gabaldon Limas. Rights reserved.
  
 **************** THREAD INFORMATION ******************
 Job running using OpenMP.
 The number of parallel threads is:            4
  
 ******************************************************
  
 /home/tamanz/bin/atomic_densities/                                                                                                                                                                      
 GTO basis set type is supported. Calculation will proceed.
 ncenters=     3
 norbitals=      24
 netcharge= 0.00
 nprimitives=   108
 Natural orbital occupation numbers for alpha (1st column) and beta (2nd column) electrons.
      1.0000      0.0000
      1.0000      0.0000
      1.0000      0.0000
      1.0000      0.0000
      1.0000      0.0000
      1.0000      0.0000
      1.0000      0.0000
      1.0000      0.0000
      1.0000      0.0000
      1.0000      0.0000
      1.0000      0.0000
      1.0000      0.0000
      1.0000      0.0000
      0.0000      1.0000
      0.0000      1.0000
      0.0000      1.0000
      0.0000      1.0000
      0.0000      1.0000
      0.0000      1.0000
      0.0000      1.0000
      0.0000      1.0000
      0.0000      1.0000
      0.0000      1.0000
      0.0000      1.0000
 The total number of electrons in natural orbitals is
 included electrons=      24
 Sorting the basis set primitives:
 natoms=     3
 The number of valence electrons is consistent with the sum of orbital occupations.
  
 ******************** TIME CONTROL ********************
 Starting generate_density_grids_from_gaussian_basis_set_coefficients
 ******************************************************
  
    0.1400    0.0000    0.0000
    0.0000    0.1400    0.0000
    0.0000    0.0000    0.1400
 Initial setup of atoms using temporary origin (0,0,0)
 center_nabc =
           0           0           8
           0          14          -4
           0         -14          -4
 delta_na=     69
 delta_nb=     69
 delta_nc=     69
 Compute a better origin and number of grid points along each grid direction
 totnumA=     168
 totnumB=     192
 totnumC=     168
 The new origin is
  -10.5000  -12.4600  -11.0600
 Compute atomic positions using the better origin
 center_nabc =
          75          89          87
          75         103          75
          75          75          75
 Making sure the atomic coordinates for periodic directions are inside the reference unit cell.
 The adjusted atomic coordinates are
    0.0000   -0.0000    1.1010
    0.0000    1.9454   -0.5505
    0.0000   -1.9454   -0.5505
  
 The adjusted center_nabc is
          75          89          87
          75         103          75
          75          75          75
 nimages=       1
  
 ******************** TIME CONTROL ********************
 Finished Step 1 in    0.0000000000000000      seconds.
 ******************************************************
  
 Setup of grid points was successful.
  
 ******************** TIME CONTROL ********************
 Finished Step 2 in    2.0000000949949026E-003 seconds
 ******************************************************
  
 The number of primitive pair blocks are     560
 The total number of included primitives is:    3072
 The number of primitive products to treat analytically is:    1760
 The number of primitive products to treat numerically is:    1312
  
  
 ******************** TIME CONTROL ********************
 Finished Step 3 in    4.0000001899898052E-003 seconds
 ******************************************************
  
 The one-particle density matrix is properly normalized.
  
 ******************** TIME CONTROL ********************
 Finished Step 4 in    6.0000000521540642E-003 seconds
 ******************************************************
  
 The transformation of gaussian primitives was succesful.
  
 ******************** TIME CONTROL ********************
 Finished Step 5 in    1.7999999225139618E-002 seconds
 ******************************************************
  
  
 ******************** TIME CONTROL ********************
 Finished Step 6 in    1.7999999225139618E-002 seconds
 ******************************************************
  
  
 ******************** TIME CONTROL ********************
 Before loop    5.9999998658895493E-002 seconds
 ******************************************************
  
  
 ******************** TIME CONTROL ********************
 Before interpolation    6.5900001525878906      seconds
 ******************************************************
  
 Generation of the valence and spin density for each grid point was successful.
 The maximum pair correction was:    3.1550E-05
  
 ******************** TIME CONTROL ********************
 Finished Step 7 (loop + interpolation) in    6.9629998207092285      seconds
 ******************************************************
  
 The raw number of core electrons is:    7.8396E+00
  
 ******************** TIME CONTROL ********************
 Starting add_missing_core_density
 ******************************************************
  
 center_nabc =
          75          89          87
          75         103          75
          75          75          75
 delta_na=     69
 delta_nb=     69
 delta_nc=     69
  
 ******************** TIME CONTROL ********************
 Starting check_grid_spacing
 ******************************************************
  
 The grid spacing in your electron density input file is adequate.
  
 ******************** TIME CONTROL ********************
 Finished check_grid_spacing in    4.6999998390674591E-002 seconds
 ******************************************************
  
 Checking to see that all core electrons are accounted for:
  
 Printing atom number, atomic number, core electrons, and missing core for each atom.
 (Missing core electrons will be inserted using stored core electron reference densities.)
    1    8     2.363868    0
    2    8     2.368665    0
    3    8     2.368665    0
 Finished the check for missing core electrons.
  
 ******************** TIME CONTROL ********************
 Finished add_missing_core_density in    4.6999998390674591E-002 seconds
 ******************************************************
  
  
 ******************** TIME CONTROL ********************
 Finished Step 8 in    7.0859999656677246      seconds
 ******************************************************
  
  
 ******************** TIME CONTROL ********************
 Finished generate_density_grids_from_gaussian_basis_set_coefficients in    7.0859999656677246      seconds
 ******************************************************
  
 ncore =        7.1012
 nvalence =       16.8988
 pixelvolume =    2.7440E-03
 numerically integrated valence density =    1.6899E+01
 sum_valence_occupancy_correction =    0.0000E+00
 checkme =    6.7949E-11
 The grid spacing is adequate and all electrons are properly accounted for.
 Calculation will proceed.
 Making sure the atomic coordinates for periodic directions are inside the reference unit cell.
 The adjusted atomic coordinates are
    0.0000   -0.0000    1.1010
    0.0000    1.9454   -0.5505
    0.0000   -1.9454   -0.5505
  
 The adjusted center_nabc is
          75          89          87
          75         103          75
          75          75          75
  
 ******************** TIME CONTROL ********************
 Starting core_iterator
 ******************************************************
  
 Iteratively solving for the core charge distributions:
 Iteration=   1
 change=   2.619647E+00
 Iteration=   2
 change=   1.403669E-04
 Iteration=   3
 change=   3.422326E-05
 Iteration=   4
 change=   1.377686E-05
 Iteration=   5
 change=   4.104519E-06
 Iteration=   6
 change=   1.209346E-06
 Correcting the core density grid
 iteration=            1
 iteration=            2
 iteration=            3
 iteration=            4
 Core density grid corrected in the following number of iterations: 
 iter=            4
  
 ******************** TIME CONTROL ********************
 Finished core_iterator in    1.5299999713897705      seconds
 ******************************************************
  
  
 ******************** TIME CONTROL ********************
 Starting valence_iterator
 ******************************************************
  
 Iteratively solving for the atomic partial charge distributions:
 Reference weighting:   0.21428571428571427     
 iteration=            1
 Normalization:   1.000000014
 Net atomic charges for the current iteration: 
      0.110977     -0.055488     -0.055488
 Maximum change:  5.686824E+00
 Maximum density change:  1.483629E+02
 Information for noniterative Hirshfeld method will be printed now.
  
 ******************** TIME CONTROL ********************
 Starting local_multipole_moment_analysis
 ******************************************************
  
 Multipole analysis for each of the expansion sites.
 XYZ coordinates, net charges, and multipoles are in atomic units. Dipoles and quadrupoles are for valence electrons.
 center number, atomic number, x, y, z, net_charge, dipole_x, dipole_y, dipole_z, dipole_mag, Qxy, Qxz, Qyz, Q(x^2-y^2), Q(3z^2 - R^2),three eigenvalues of traceless quadrupole moment tensor
     1     8  0.000000 -0.000000  1.101049  0.110977  0.000000 -0.000000 -0.118775  0.118775 -0.000000 -0.000000 -0.000000 -0.137586 -0.138402 -0.046309 -0.040298  0.086607
     2     8  0.000000  1.945434 -0.550524 -0.055488 -0.000000 -0.074223  0.114542  0.136487 -0.000000 -0.000000 -0.119091 -0.316971  0.074430 -0.165450 -0.046224  0.211675
     3     8  0.000000 -1.945434 -0.550524 -0.055488 -0.000000  0.074223  0.114542  0.136487  0.000000 -0.000000  0.119091 -0.316971  0.074430 -0.165450 -0.046224  0.211675
  
 ******************** TIME CONTROL ********************
 Finished local_multipole_moment_analysis in    8.5000000894069672E-002 seconds
 ******************************************************
  
 Hirshfeld analysis finished, calculation of iterative AIM will proceed.
 iteration=            2
 Normalization:   1.000000014
 Net atomic charges for the current iteration: 
      0.156976     -0.078488     -0.078488
 Maximum change:  4.599905E-02
 Maximum density change:  8.795474E-03
 iteration=            3
 Normalization:   1.000000014
 Net atomic charges for the current iteration: 
      0.179936     -0.089968     -0.089968
 Maximum change:  2.296053E-02
 Maximum density change:  3.600297E-04
 iteration=            4
 Normalization:   1.000000014
 Net atomic charges for the current iteration: 
      0.191578     -0.095789     -0.095789
 Maximum change:  1.164201E-02
 Maximum density change:  1.415076E-04
Iterations to converge reshaping: 
    1
 iteration=            5
 Normalization:   1.000000014
 Net atomic charges for the current iteration: 
      0.197734     -0.098867     -0.098867
 Maximum change:  6.155521E-03
 Maximum density change:  6.267626E-05
Iterations to converge reshaping: 
    1
 iteration=            6
 Normalization:   1.000000014
 Net atomic charges for the current iteration: 
      0.201092     -0.100546     -0.100546
 Maximum change:  3.358208E-03
 Maximum density change:  3.012602E-05
Iterations to converge reshaping: 
    1
 iteration=            7
 Normalization:   1.000000014
 Net atomic charges for the current iteration: 
      0.202971     -0.101486     -0.101486
 Maximum change:  1.879194E-03
 Maximum density change:  1.555352E-05
Iterations to converge reshaping: 
    1
 iteration=            8
 Normalization:   1.000000014
 Net atomic charges for the current iteration: 
      0.204044     -0.102022     -0.102022
 Maximum change:  1.072652E-03
 Maximum density change:  8.449265E-06
Iterations to converge reshaping: 
    1
 iteration=            9
 Normalization:   1.000000014
 Net atomic charges for the current iteration: 
      0.204666     -0.102333     -0.102333
 Maximum change:  6.220021E-04
 Maximum density change:  4.707105E-06
Iterations to converge reshaping: 
    1
 iteration=           10
 Normalization:   1.000000014
 Net atomic charges for the current iteration: 
      0.205031     -0.102515     -0.102515
 Maximum change:  3.653104E-04
 Maximum density change:  2.674667E-06
Iterations to converge reshaping: 
    1
 iteration=           11
 Normalization:   1.000000014
 Net atomic charges for the current iteration: 
      0.205248     -0.102624     -0.102624
 Maximum change:  2.168269E-04
 Maximum density change:  1.543561E-06
Iterations to converge reshaping: 
    1
 iteration=           12
 Normalization:   1.000000014
 Net atomic charges for the current iteration: 
      0.205378     -0.102689     -0.102689
 Maximum change:  1.298491E-04
 Maximum density change:  9.019465E-07
Iterations to converge reshaping: 
    1
 iteration=           13
 Normalization:   1.000000014
 Net atomic charges for the current iteration: 
      0.205456     -0.102728     -0.102728
 Maximum change:  7.836212E-05
 Maximum density change:  5.324621E-07
Iterations to converge reshaping: 
    1
 iteration=           14
 Normalization:   1.000000014
 Net atomic charges for the current iteration: 
      0.205504     -0.102752     -0.102752
 Maximum change:  4.761056E-05
 Maximum density change:  3.170765E-07
Iterations to converge reshaping: 
    1
 iteration=           15
 Normalization:   1.000000014
 Net atomic charges for the current iteration: 
      0.205533     -0.102766     -0.102766
 Maximum change:  2.910066E-05
 Maximum density change:  1.902412E-07
Iterations to converge reshaping: 
    1
 iteration=           16
 Normalization:   1.000000014
 Net atomic charges for the current iteration: 
      0.205551     -0.102775     -0.102775
 Maximum change:  1.788289E-05
 Maximum density change:  1.149027E-07
Iterations to converge reshaping: 
    1
 iteration=           17
 Normalization:   1.000000014
 Net atomic charges for the current iteration: 
      0.205562     -0.102781     -0.102781
 Maximum change:  1.104292E-05
 Maximum density change:  6.981412E-08
Iterations to converge reshaping: 
    1
 iteration=           18
 Normalization:   1.000000014
 Net atomic charges for the current iteration: 
      0.205569     -0.102784     -0.102784
 Maximum change:  6.849354E-06
 Maximum density change:  4.264835E-08
Iterations to converge reshaping: 
    1
 iteration=           19
 Normalization:   1.000000014
 Net atomic charges for the current iteration: 
      0.205573     -0.102786     -0.102786
 Maximum change:  4.265484E-06
 Maximum density change:  2.618215E-08
Iterations to converge reshaping: 
    1
 iteration=           20
 Normalization:   1.000000014
 Net atomic charges for the current iteration: 
      0.205575     -0.102788     -0.102788
 Maximum change:  2.666196E-06
 Maximum density change:  1.614652E-08
Iterations to converge reshaping: 
    1
 iteration=           21
 Normalization:   1.000000014
 Net atomic charges for the current iteration: 
      0.205577     -0.102789     -0.102789
 Maximum change:  1.672203E-06
 Maximum density change:  9.999303E-09
  
 ******************** TIME CONTROL ********************
 Finished valence_iterator in    3.9430000782012939      seconds
 ******************************************************
  
  
 ******************** TIME CONTROL ********************
 Starting local_multipole_moment_analysis
 ******************************************************
  
 Multipole analysis for each of the expansion sites.
 XYZ coordinates, net charges, and multipoles are in atomic units. Dipoles and quadrupoles are for valence electrons.
 center number, atomic number, x, y, z, net_charge, dipole_x, dipole_y, dipole_z, dipole_mag, Qxy, Qxz, Qyz, Q(x^2-y^2), Q(3z^2 - R^2),three eigenvalues of traceless quadrupole moment tensor
     1     8  0.000000 -0.000000  1.101049  0.205577  0.000000  0.000000 -0.210403  0.210403  0.000000 -0.000000  0.000000 -0.250578 -0.167931 -0.091872 -0.056152  0.148025
     2     8  0.000000  1.945434 -0.550524 -0.102789 -0.000000 -0.052557  0.082236  0.097596 -0.000000 -0.000000 -0.111083 -0.355196  0.039092 -0.178673 -0.042360  0.221033
     3     8  0.000000 -1.945434 -0.550524 -0.102789 -0.000000  0.052557  0.082236  0.097596  0.000000 -0.000000  0.111083 -0.355196  0.039092 -0.178673 -0.042360  0.221033
  
 ******************** TIME CONTROL ********************
 Finished local_multipole_moment_analysis in    8.5000000894069672E-002 seconds
 ******************************************************
  
 center_of_mass:   0.000000 -0.000000  0.000000
  
 Since the system is nonperiodic, total multipole moment analysis will be performed.
 Total multipole moments are computed using the center of mass as the origin.
 Dipole and quadrupole moments using the net atomic charges.
 This corresponds to truncatating the distributed multipole expansion at monopole order.
 partial_charge_dipole_x=      0.000000
 partial_charge_dipole_y=     -0.000000
 partial_charge_dipole_z=      0.339526
 partial_charge_dipole_magnitude     0.339526
 partial_charge_quadrupole_xy=      0.000000
 partial_charge_quadrupole_xz=      0.000000
 partial_charge_quadrupole_yz=      0.000000
 partial_charge_quadrupole_x2minusy2=      0.778050
 partial_charge_quadrupole_3z2minusr2=      1.151885
 Dipole and quadrupole moments using the net atomic charges and the atomic dipoles.
 This corresponds to truncatating the distributed multipole expansion at dipole order.
 dipole_x=     -0.000000
 dipole_y=      0.000000
 dipole_z =      0.293594
 dipole_magnitude=      0.293594
 quadrupole_xy=     -0.000000
 quadrupole_xz=      0.000000
 quadrupole_yz=     -0.000000
 quadrupole_x2minusy2=      1.187035
 quadrupole_3z2minusr2 =      0.272034
 Dipole and quadrupole moments using the net atomic charges, atomic dipoles, and atomic quadrupoles.
 This corresponds to truncatating the distributed multipole expansion at quadrupole order.
 dipole_x=     -0.000000
 dipole_y=      0.000000
 dipole_z=      0.293594
 dipole_magnitude=   0.29359392187347599     
 full_quadrupole_xy=     -0.000000
 full_quadrupole_xz=      0.000000
 full_quadrupole_yz=     -0.000000
 full_quadrupole_x2minusy2=      0.226066
 full_quadrupole_3z2minusr2 =      0.182287
 Calculation of the electron cloud penetration terms
  
 ******************** TIME CONTROL ********************
 Starting collinear_spin_moments_iterator
 ******************************************************
  
 Iteratively solving for the atomic spin distributions:
 iteration:            1
 spin_population:   0.39706401764246413       0.80146797272734083       0.80146797296066952     
 tot_spin_moment:    1.9999999633304744     
 max_change:   0.80146797296066952     
  
 iteration:            2
 spin_population:   0.37983821041681542       0.81007292440054601       0.81007292499212524     
 tot_spin_moment:    1.9999840598094867     
 max_change:    1.7225807225648704E-002
  
 iteration:            3
 spin_population:   0.37652494854592505       0.81173858969491608       0.81173859032706974     
 tot_spin_moment:    2.0000021285679108     
 max_change:    3.3132618708903716E-003
  
 iteration:            4
 spin_population:   0.37576650990998733       0.81211549204899680       0.81211549269159611     
 tot_spin_moment:    1.9999974946505803     
 max_change:    7.5843863593771932E-004
  
 iteration:            5
 spin_population:   0.37557956692232225       0.81221059708579635       0.81221059772504989     
 tot_spin_moment:    2.0000007617331685     
 max_change:    1.8694298766508410E-004
  
 iteration:            6
 spin_population:   0.37553019211896627       0.81223464298171366       0.81223464362119024     
 tot_spin_moment:    1.9999994787218702     
 max_change:    4.9374803355983765E-005
  
 iteration:            7
 spin_population:   0.37551682769892553       0.81224166945131260       0.81224167009025827     
 tot_spin_moment:    2.0000001672404966     
 max_change:    1.3364420040740121E-005
  
 Final spin populations:   0.37551682769892553       0.81224166945131260       0.81224167009025827     
 The total spin moment of the unit cell is:    2.0000001672404966     
  
  
 ******************** TIME CONTROL ********************
 Finished collinear_spin_moments_iterator in    2.5030000209808350      seconds
 ******************************************************
  
  
 ******************** TIME CONTROL ********************
 Starting perform_BO_analysis
 ******************************************************
  
 Starting Effective Bond Order (BO) Analysis
  
 ******************** TIME CONTROL ********************
 Starting prepare_BO_density_grids
 ******************************************************
  
 Preparing density grids for bond order analysis ...
 Total density grid corrected in the following number of iterations:     1
 The total integrated number of electrons is       24.000000
 Grid preparation complete.
  
 ******************** TIME CONTROL ********************
 Finished prepare_BO_density_grids in    7.8000001609325409E-002 seconds
 ******************************************************
  
  
 ******************** TIME CONTROL ********************
 Starting compute_local_atomic_exchange_vectors
 ******************************************************
  
  
 ******************** TIME CONTROL ********************
 Finished compute_local_atomic_exchange_vectors in   0.16599999368190765      seconds
 ******************************************************
  
  
 ******************** TIME CONTROL ********************
 Starting initialize_bond_pair_matrix
 ******************************************************
  
 Initializing the bond pair matrix ...
 The total number of symmetry unique atom pairs to include in the bond pair matrix is
 num_sym_unique_bond_pairs:      3
 The bond pair matrix has been initialized.
  
 ******************** TIME CONTROL ********************
 Finished initialize_bond_pair_matrix in    3.0000000260770321E-003 seconds
 ******************************************************
  
  
 ******************** TIME CONTROL ********************
 Starting compute_summed_contact_exchange
 ******************************************************
  
  
 ******************** TIME CONTROL ********************
 Finished compute_summed_contact_exchange in    6.5999999642372131E-002 seconds
 ******************************************************
  
  
 ******************** TIME CONTROL ********************
 Starting integrate_bonding_terms
 ******************************************************
  
  
 ******************** TIME CONTROL ********************
 Finished integrate_bonding_terms in    9.6000000834465027E-002 seconds
 ******************************************************
  
  
 ******************** TIME CONTROL ********************
 Starting calculate_final_BOs
 ******************************************************
  
 Checking for consistency in the summed contact exchange
 The maximum error in the summed contact exchange is     0.000000
  
 The sum of contact exchanges for each atom are:
    1.548066
    0.912000
    0.912000
  
 The sum of BOs for each atom are:
    2.379812
    1.364439
    1.364439
  
 The final bond pair matrix is
     1     2    0.000000    0.000000    0.000000    6.000000  144.000000   34.000000  158.000000   18.000000  144.000000    0.774033    0.780098    0.777528    0.317133    0.997327    0.416988    0.415873    1.189906    1.189906
     1     3    0.000000    0.000000    0.000000    6.000000  144.000000   20.000000  144.000000   18.000000  144.000000    0.774033    0.780098    0.777528    0.317133    0.997327    0.416988    0.415873    1.189906    1.189906
     2     3    0.000000    0.000000    0.000000    6.000000  144.000000   34.000000  144.000000    6.000000  144.000000    0.137967    0.139232    0.137928    0.033420    0.999294    0.036592    0.036566    0.174533    0.174533
 The legend for the bond pair matrix follows:
 Columns 1 and 2 = atom numbers
 Columns 3 to 5 = repeata, repeatb, repeatc (i.e., periodic translation of second atom)
 Columns 6 to 11 = corners of the shared parallepiped: min na, max na, min nb, max nb, min nc, max nc
 Columns 12 =  contact exchange
 Columns 13 =  a term for computing average spin polarization of bonding
 Columns 14 =  overlap population
 Columns 15 =  the integrated second order atomic exchange propensities for computing bond order
 Columns 16 =  the coordination term constructed from tanh function
 Columns 17 =  the pairwise term
 Columns 18 =  expansion term combining coordination and pairwise terms
 Columns 19 =  bond index before imposing the atom self-exchange constraint
 Columns 20 =  final bond order
 
 The atom self-exchange constraint affected (by at least 0.1_dp*BO_print_cutoff)      0 bond orders.
 
  
 ******************** TIME CONTROL ********************
 Finished calculate_final_BOs in    4.0000001899898052E-003 seconds
 ******************************************************
  
 Bond order analysis complete.
  
 ******************** TIME CONTROL ********************
 Finished perform_BO_analysis in   0.41299998760223389      seconds
 ******************************************************
  
 The computed Rsquared moments of the atoms (in bohr^2) are: 
    10.376651    11.785586    11.785586
 The computed Rcubed moments of the atoms (in bohr^3) are: 
    19.271951    23.017763    23.017763
 The computed Rfourth moments of the atoms (in bohr^4) are: 
    43.611465    55.023901    55.023902
 Normal termination of Chargemol program.
 Copyright (c) 2014, 2015, 2016, 2017 by Thomas A. Manz and Nidia Gabaldon Limas. Rights reserved.
 Use and distribution of this program is subject to certain licensing restrictions.
 Please see ddec.sourceforge.net for details.
  
 Please cite the following journal references when using this program to compute DDEC6 charges:
 N. Gabaldon Limas and T. A. Manz,  "Introducing DDEC6 atomic population analysis: part 2. 
 Computed results for a wide range of periodic and nonperiodic materials," RSC Advances, Vol. 6 (2016) 45727-45747.
 T. A. Manz and N. Gabaldon Limas, "Introducing DDEC6 atomic population analysis: part 1.
 Charge partitioning theory and methodology," RSC Advances, Vol. 6 (2016) 47771-47801.
 If desired, you can also cite references listed below for the DDEC3 and earlier methods.
  
 Please cite the following journal references when using this program to compute DDEC, Hirshfeld, or ISA charges:
 Thomas A. Manz and David S. Sholl, "Improved Atoms-in-Molecule Charge Partitioning Functional for Simultaneously Reproducing the Electrostatic
 Potential and Chemical States in Periodic and Non-Periodic Materials", J. Chem. Theory Comput., Vol. 8 (2012) 2844-2867.
 Thomas A. Manz and David S. Sholl, "Chemically Meaningful Atomic Charges that Reproduce the Electrostatic Potential in Periodic and Nonperiodic
 Materials", J. Chem. Theory Comput., Vol. 6 (2010) 2455-2468.
  
 Please cite the following journal reference when using this program to compute atomic spin moments:
 Thomas A. Manz and David S. Sholl, "Methods for Computing Accurate Atomic Spin Moments for Collinear and Noncollinear Magnetism in Periodic and
 Nonperiodic Materials", J. Chem. Theory Comput., Vol. 7 (2011) 4146-4164.
  
 Please cite the following reference when using this program to compute bond orders:
 Thomas A. Manz, "Introducing DDEC6 atomic population analysis: part 3. Comprehensive method to compute bond orders.", RSC Advances, Vol. 7 (2017) 45552-45581.
  
 Exiting Chargemol
 2017/10/01  14:04:09
  
 ******************** TIME CONTROL ********************
 Finished chargemol in    15.744000434875488      seconds
 ******************************************************
  
