  
 ******************** TIME CONTROL ********************
 Starting Chargemol version 3.5 September 26, 2017.
 ******************************************************
  
 Starting DDEC program
 2017/10/01  15:24:19
 Copyright (c) 2014, 2015, 2016 by Thomas A. Manz and Nidia Gabaldon Limas. Rights reserved.
  
 **************** THREAD INFORMATION ******************
 Job running using OpenMP.
 The number of parallel threads is:            4
  
 ******************************************************
  
 /home/tamanz/bin/atomic_densities/                                                                                                                                                                      
  
 ******************** TIME CONTROL ********************
 Starting format_vasp_densities
 ******************************************************
  
 inputfile = AECCAR2
 vectors
  0.000000  5.346879  5.346879
  5.346879  0.000000  5.346879
  5.346879  5.346879  0.000000
 direct_coords
  0.000000  0.000000  0.000000
  0.500000  0.500000  0.500000
 totnumA=     56
 totnumB=     56
 totnumC=     56
 inputfile = AECCAR0
 core_available T
 inputfile = CHGCAR
 valence_grid_correct = T
  
 ******************** TIME CONTROL ********************
 Read input files in   0.48500001430511475      seconds
 ******************************************************
  
 The maximum pixel electron correction was:   0.013733
 The number of pixel corrections was:      1
 sum_negative_density: -0.000000
 POTCAR
  
 ******************** TIME CONTROL ********************
 Starting add_missing_core_density
 ******************************************************
  
 center_nabc =
           0           0           0
          28          28          28
 delta_na=     82
 delta_nb=     82
 delta_nc=     82
  
 ******************** TIME CONTROL ********************
 Starting check_grid_spacing
 ******************************************************
  
 The grid spacing in your electron density input file is adequate.
  
 ******************** TIME CONTROL ********************
 Finished check_grid_spacing in    5.0999999046325684E-002 seconds
 ******************************************************
  
 Checking to see that all core electrons are accounted for:
  
 Printing atom number, atomic number, core electrons, and missing core for each atom.
 (Missing core electrons will be inserted using stored core electron reference densities.)
    1   11    10.000000    0
    2   17    10.000000    0
 Finished the check for missing core electrons.
  
 ******************** TIME CONTROL ********************
 Finished add_missing_core_density in    5.0999999046325684E-002 seconds
 ******************************************************
  
 The CHGCAR               file size is:               3197571 bytes.
 non_collinear = F
 spin_available = F
  
 ******************** TIME CONTROL ********************
 Starting compute_dominant_atom_volumes
 ******************************************************
  
  
 ******************** TIME CONTROL ********************
 Finished compute_dominant_atom_volumes in    6.1000000685453415E-002 seconds
 ******************************************************
  
 The largest occupancy correction was
   2.1847324105709526E-002
  
 ******************** TIME CONTROL ********************
 Finished format_vasp_densities in   0.63599997758865356      seconds
 ******************************************************
  
 ncore =       20.0000
 nvalence =        8.0000
 pixelvolume =    1.7409E-03
 numerically integrated valence density =    8.0223E+00
 sum_valence_occupancy_correction =   -2.2275E-02
 checkme =    1.3698E-07
 The grid spacing is adequate and all electrons are properly accounted for.
 Calculation will proceed.
 Making sure the atomic coordinates for periodic directions are inside the reference unit cell.
 The adjusted atomic coordinates are
    0.0000    0.0000    0.0000
    5.3469    5.3469    5.3469
  
 The adjusted center_nabc is
           0           0           0
          28          28          28
  
 ******************** TIME CONTROL ********************
 Starting core_iterator
 ******************************************************
  
 Iteratively solving for the core charge distributions:
 Iteration=   1
 change=   1.484739E+01
 Iteration=   2
 change=   5.708176E-02
 Iteration=   3
 change=   1.193355E-03
 Iteration=   4
 change=   3.418916E-04
 Iteration=   5
 change=   1.757335E-04
 Iteration=   6
 change=   1.003156E-04
 Iteration=   7
 change=   6.592048E-05
 Iteration=   8
 change=   4.626673E-05
 Iteration=   9
 change=   3.394496E-05
 Iteration=  10
 change=   2.580909E-05
 Iteration=  11
 change=   2.014178E-05
 Iteration=  12
 change=   1.605328E-05
 Iteration=  13
 change=   1.303057E-05
 Iteration=  14
 change=   1.083728E-05
 Iteration=  15
 change=   9.319466E-06
 Correcting the core density grid
 iteration=            1
 iteration=            2
 iteration=            3
 iteration=            4
 iteration=            5
 iteration=            6
 iteration=            7
 Core density grid corrected in the following number of iterations: 
 iter=            7
  
 ******************** TIME CONTROL ********************
 Finished core_iterator in    3.4470000267028809      seconds
 ******************************************************
  
  
 ******************** TIME CONTROL ********************
 Starting valence_iterator
 ******************************************************
  
 Iteratively solving for the atomic partial charge distributions:
 Reference weighting:   0.21428571428571427     
 iteration=            1
 Normalization:   1.000000017
 Net atomic charges for the current iteration: 
      0.204737     -0.204737
 Maximum change:  7.204737E+00
 Maximum density change:  7.516831E+02
 Information for noniterative Hirshfeld method will be printed now.
  
 ******************** TIME CONTROL ********************
 Starting local_multipole_moment_analysis
 ******************************************************
  
 Multipole analysis for each of the expansion sites.
 XYZ coordinates, net charges, and multipoles are in atomic units. Dipoles and quadrupoles are for valence electrons.
 center number, atomic number, x, y, z, net_charge, dipole_x, dipole_y, dipole_z, dipole_mag, Qxy, Qxz, Qyz, Q(x^2-y^2), Q(3z^2 - R^2),three eigenvalues of traceless quadrupole moment tensor
     1    11  0.000000  0.000000  0.000000  0.204737  0.000000  0.000000  0.000000  0.000000 -0.001468 -0.001468 -0.001468  0.000000  0.000000 -0.002935  0.001468  0.001468
     2    17  5.346879  5.346879  5.346879 -0.204737  0.000000  0.000000  0.000000  0.000000 -0.000022 -0.000022 -0.000022 -0.000000 -0.000000 -0.000045  0.000022  0.000022
  
 ******************** TIME CONTROL ********************
 Finished local_multipole_moment_analysis in    9.3999996781349182E-002 seconds
 ******************************************************
  
 Hirshfeld analysis finished, calculation of iterative AIM will proceed.
 iteration=            2
 Normalization:   1.000000017
 Net atomic charges for the current iteration: 
      0.243215     -0.243215
 Maximum change:  3.847841E-02
 Maximum density change:  2.721504E-03
 iteration=            3
 Normalization:   1.000000017
 Net atomic charges for the current iteration: 
      0.286808     -0.286808
 Maximum change:  4.359341E-02
 Maximum density change:  3.249466E-04
 iteration=            4
 Normalization:   1.000000017
 Net atomic charges for the current iteration: 
      0.320910     -0.320910
 Maximum change:  3.410188E-02
 Maximum density change:  1.921600E-04
Iterations to converge reshaping: 
   30
 iteration=            5
 Normalization:   1.000000017
 Net atomic charges for the current iteration: 
      0.573450     -0.573450
 Maximum change:  2.525400E-01
 Maximum density change:  1.645215E-03
Iterations to converge reshaping: 
   20
 iteration=            6
 Normalization:   1.000000017
 Net atomic charges for the current iteration: 
      0.641162     -0.641162
 Maximum change:  6.771214E-02
 Maximum density change:  3.815999E-04
Iterations to converge reshaping: 
   18
 iteration=            7
 Normalization:   1.000000017
 Net atomic charges for the current iteration: 
      0.702705     -0.702705
 Maximum change:  6.154231E-02
 Maximum density change:  3.670046E-04
Iterations to converge reshaping: 
   17
 iteration=            8
 Normalization:   1.000000017
 Net atomic charges for the current iteration: 
      0.750267     -0.750267
 Maximum change:  4.756267E-02
 Maximum density change:  2.681536E-04
Iterations to converge reshaping: 
   16
 iteration=            9
 Normalization:   1.000000017
 Net atomic charges for the current iteration: 
      0.784850     -0.784850
 Maximum change:  3.458264E-02
 Maximum density change:  2.211891E-04
Iterations to converge reshaping: 
   15
 iteration=           10
 Normalization:   1.000000017
 Net atomic charges for the current iteration: 
      0.811697     -0.811697
 Maximum change:  2.684692E-02
 Maximum density change:  1.755658E-04
Iterations to converge reshaping: 
   14
 iteration=           11
 Normalization:   1.000000017
 Net atomic charges for the current iteration: 
      0.832712     -0.832712
 Maximum change:  2.101530E-02
 Maximum density change:  1.381516E-04
Iterations to converge reshaping: 
   13
 iteration=           12
 Normalization:   1.000000017
 Net atomic charges for the current iteration: 
      0.849581     -0.849581
 Maximum change:  1.686916E-02
 Maximum density change:  1.112740E-04
Iterations to converge reshaping: 
   12
 iteration=           13
 Normalization:   1.000000017
 Net atomic charges for the current iteration: 
      0.863416     -0.863416
 Maximum change:  1.383498E-02
 Maximum density change:  8.950800E-05
Iterations to converge reshaping: 
   12
 iteration=           14
 Normalization:   1.000000017
 Net atomic charges for the current iteration: 
      0.874930     -0.874930
 Maximum change:  1.151364E-02
 Maximum density change:  7.282304E-05
Iterations to converge reshaping: 
   11
 iteration=           15
 Normalization:   1.000000017
 Net atomic charges for the current iteration: 
      0.884669     -0.884669
 Maximum change:  9.738932E-03
 Maximum density change:  6.046575E-05
Iterations to converge reshaping: 
   11
 iteration=           16
 Normalization:   1.000000017
 Net atomic charges for the current iteration: 
      0.893100     -0.893100
 Maximum change:  8.431441E-03
 Maximum density change:  5.026527E-05
Iterations to converge reshaping: 
   11
 iteration=           17
 Normalization:   1.000000017
 Net atomic charges for the current iteration: 
      0.900413     -0.900413
 Maximum change:  7.312497E-03
 Maximum density change:  4.246860E-05
Iterations to converge reshaping: 
   10
 iteration=           18
 Normalization:   1.000000017
 Net atomic charges for the current iteration: 
      0.906777     -0.906777
 Maximum change:  6.364413E-03
 Maximum density change:  3.650034E-05
Iterations to converge reshaping: 
   10
 iteration=           19
 Normalization:   1.000000017
 Net atomic charges for the current iteration: 
      0.912330     -0.912330
 Maximum change:  5.552477E-03
 Maximum density change:  3.157614E-05
Iterations to converge reshaping: 
    9
 iteration=           20
 Normalization:   1.000000017
 Net atomic charges for the current iteration: 
      0.917201     -0.917201
 Maximum change:  4.871438E-03
 Maximum density change:  2.741624E-05
Iterations to converge reshaping: 
    9
 iteration=           21
 Normalization:   1.000000017
 Net atomic charges for the current iteration: 
      0.921578     -0.921578
 Maximum change:  4.376507E-03
 Maximum density change:  2.370122E-05
Iterations to converge reshaping: 
    9
 iteration=           22
 Normalization:   1.000000017
 Net atomic charges for the current iteration: 
      0.925514     -0.925514
 Maximum change:  3.936698E-03
 Maximum density change:  2.065296E-05
Iterations to converge reshaping: 
    9
 iteration=           23
 Normalization:   1.000000017
 Net atomic charges for the current iteration: 
      0.929065     -0.929065
 Maximum change:  3.550511E-03
 Maximum density change:  1.821652E-05
Iterations to converge reshaping: 
    9
 iteration=           24
 Normalization:   1.000000017
 Net atomic charges for the current iteration: 
      0.932274     -0.932274
 Maximum change:  3.208641E-03
 Maximum density change:  1.617918E-05
Iterations to converge reshaping: 
    9
 iteration=           25
 Normalization:   1.000000017
 Net atomic charges for the current iteration: 
      0.935176     -0.935176
 Maximum change:  2.902702E-03
 Maximum density change:  1.444605E-05
Iterations to converge reshaping: 
    9
 iteration=           26
 Normalization:   1.000000017
 Net atomic charges for the current iteration: 
      0.937805     -0.937805
 Maximum change:  2.628247E-03
 Maximum density change:  1.295353E-05
Iterations to converge reshaping: 
    9
 iteration=           27
 Normalization:   1.000000017
 Net atomic charges for the current iteration: 
      0.940186     -0.940186
 Maximum change:  2.381441E-03
 Maximum density change:  1.165386E-05
Iterations to converge reshaping: 
    8
 iteration=           28
 Normalization:   1.000000017
 Net atomic charges for the current iteration: 
      0.942345     -0.942345
 Maximum change:  2.159138E-03
 Maximum density change:  1.051190E-05
Iterations to converge reshaping: 
    8
 iteration=           29
 Normalization:   1.000000017
 Net atomic charges for the current iteration: 
      0.944304     -0.944304
 Maximum change:  1.958646E-03
 Maximum density change:  9.501187E-06
Iterations to converge reshaping: 
    8
 iteration=           30
 Normalization:   1.000000017
 Net atomic charges for the current iteration: 
      0.946081     -0.946081
 Maximum change:  1.777640E-03
 Maximum density change:  8.601469E-06
Iterations to converge reshaping: 
    8
 iteration=           31
 Normalization:   1.000000017
 Net atomic charges for the current iteration: 
      0.947696     -0.947696
 Maximum change:  1.614083E-03
 Maximum density change:  7.796884E-06
Iterations to converge reshaping: 
    8
 iteration=           32
 Normalization:   1.000000017
 Net atomic charges for the current iteration: 
      0.949162     -0.949162
 Maximum change:  1.466183E-03
 Maximum density change:  7.074774E-06
Iterations to converge reshaping: 
    8
 iteration=           33
 Normalization:   1.000000017
 Net atomic charges for the current iteration: 
      0.950494     -0.950494
 Maximum change:  1.332348E-03
 Maximum density change:  6.424835E-06
Iterations to converge reshaping: 
    8
 iteration=           34
 Normalization:   1.000000017
 Net atomic charges for the current iteration: 
      0.951705     -0.951705
 Maximum change:  1.211169E-03
 Maximum density change:  5.838535E-06
Iterations to converge reshaping: 
    8
 iteration=           35
 Normalization:   1.000000017
 Net atomic charges for the current iteration: 
      0.952807     -0.952807
 Maximum change:  1.102202E-03
 Maximum density change:  5.307142E-06
Iterations to converge reshaping: 
    8
 iteration=           36
 Normalization:   1.000000017
 Net atomic charges for the current iteration: 
      0.953821     -0.953821
 Maximum change:  1.013358E-03
 Maximum density change:  4.807930E-06
Iterations to converge reshaping: 
    7
 iteration=           37
 Normalization:   1.000000017
 Net atomic charges for the current iteration: 
      0.954756     -0.954756
 Maximum change:  9.350577E-04
 Maximum density change:  4.357958E-06
Iterations to converge reshaping: 
    7
 iteration=           38
 Normalization:   1.000000017
 Net atomic charges for the current iteration: 
      0.955620     -0.955620
 Maximum change:  8.643324E-04
 Maximum density change:  3.963114E-06
Iterations to converge reshaping: 
    7
 iteration=           39
 Normalization:   1.000000017
 Net atomic charges for the current iteration: 
      0.956420     -0.956420
 Maximum change:  7.995335E-04
 Maximum density change:  3.617096E-06
Iterations to converge reshaping: 
    7
 iteration=           40
 Normalization:   1.000000017
 Net atomic charges for the current iteration: 
      0.957160     -0.957160
 Maximum change:  7.400151E-04
 Maximum density change:  3.311671E-06
Iterations to converge reshaping: 
    7
 iteration=           41
 Normalization:   1.000000017
 Net atomic charges for the current iteration: 
      0.957845     -0.957845
 Maximum change:  6.852117E-04
 Maximum density change:  3.039884E-06
Iterations to converge reshaping: 
    7
 iteration=           42
 Normalization:   1.000000017
 Net atomic charges for the current iteration: 
      0.958480     -0.958480
 Maximum change:  6.346737E-04
 Maximum density change:  2.796307E-06
Iterations to converge reshaping: 
    7
 iteration=           43
 Normalization:   1.000000017
 Net atomic charges for the current iteration: 
      0.959068     -0.959068
 Maximum change:  5.880181E-04
 Maximum density change:  2.576657E-06
Iterations to converge reshaping: 
    7
 iteration=           44
 Normalization:   1.000000017
 Net atomic charges for the current iteration: 
      0.959613     -0.959613
 Maximum change:  5.449118E-04
 Maximum density change:  2.377547E-06
Iterations to converge reshaping: 
    7
 iteration=           45
 Normalization:   1.000000017
 Net atomic charges for the current iteration: 
      0.960118     -0.960118
 Maximum change:  5.050600E-04
 Maximum density change:  2.196270E-06
Iterations to converge reshaping: 
    7
 iteration=           46
 Normalization:   1.000000017
 Net atomic charges for the current iteration: 
      0.960586     -0.960586
 Maximum change:  4.681989E-04
 Maximum density change:  2.030636E-06
Iterations to converge reshaping: 
    7
 iteration=           47
 Normalization:   1.000000017
 Net atomic charges for the current iteration: 
      0.961020     -0.961020
 Maximum change:  4.340903E-04
 Maximum density change:  1.878852E-06
Iterations to converge reshaping: 
    7
 iteration=           48
 Normalization:   1.000000017
 Net atomic charges for the current iteration: 
      0.961422     -0.961422
 Maximum change:  4.025183E-04
 Maximum density change:  1.739429E-06
Iterations to converge reshaping: 
    7
 iteration=           49
 Normalization:   1.000000017
 Net atomic charges for the current iteration: 
      0.961796     -0.961796
 Maximum change:  3.732860E-04
 Maximum density change:  1.611115E-06
Iterations to converge reshaping: 
    7
 iteration=           50
 Normalization:   1.000000017
 Net atomic charges for the current iteration: 
      0.962142     -0.962142
 Maximum change:  3.462133E-04
 Maximum density change:  1.492841E-06
Iterations to converge reshaping: 
    7
 iteration=           51
 Normalization:   1.000000017
 Net atomic charges for the current iteration: 
      0.962463     -0.962463
 Maximum change:  3.211353E-04
 Maximum density change:  1.383685E-06
Iterations to converge reshaping: 
    7
 iteration=           52
 Normalization:   1.000000017
 Net atomic charges for the current iteration: 
      0.962761     -0.962761
 Maximum change:  2.979006E-04
 Maximum density change:  1.282843E-06
Iterations to converge reshaping: 
    7
 iteration=           53
 Normalization:   1.000000017
 Net atomic charges for the current iteration: 
      0.963037     -0.963037
 Maximum change:  2.763700E-04
 Maximum density change:  1.189604E-06
Iterations to converge reshaping: 
    7
 iteration=           54
 Normalization:   1.000000017
 Net atomic charges for the current iteration: 
      0.963294     -0.963294
 Maximum change:  2.564154E-04
 Maximum density change:  1.103340E-06
Iterations to converge reshaping: 
    7
 iteration=           55
 Normalization:   1.000000017
 Net atomic charges for the current iteration: 
      0.963532     -0.963532
 Maximum change:  2.379187E-04
 Maximum density change:  1.023484E-06
Iterations to converge reshaping: 
    7
 iteration=           56
 Normalization:   1.000000017
 Net atomic charges for the current iteration: 
      0.963752     -0.963752
 Maximum change:  2.207712E-04
 Maximum density change:  9.495294E-07
Iterations to converge reshaping: 
    7
 iteration=           57
 Normalization:   1.000000017
 Net atomic charges for the current iteration: 
      0.963957     -0.963957
 Maximum change:  2.048725E-04
 Maximum density change:  8.810142E-07
Iterations to converge reshaping: 
    7
 iteration=           58
 Normalization:   1.000000017
 Net atomic charges for the current iteration: 
      0.964147     -0.964147
 Maximum change:  1.901299E-04
 Maximum density change:  8.175197E-07
Iterations to converge reshaping: 
    7
 iteration=           59
 Normalization:   1.000000017
 Net atomic charges for the current iteration: 
      0.964324     -0.964324
 Maximum change:  1.764580E-04
 Maximum density change:  7.586633E-07
Iterations to converge reshaping: 
    7
 iteration=           60
 Normalization:   1.000000017
 Net atomic charges for the current iteration: 
      0.964488     -0.964488
 Maximum change:  1.637777E-04
 Maximum density change:  7.040947E-07
Iterations to converge reshaping: 
    7
 iteration=           61
 Normalization:   1.000000017
 Net atomic charges for the current iteration: 
      0.964640     -0.964640
 Maximum change:  1.520160E-04
 Maximum density change:  6.534927E-07
Iterations to converge reshaping: 
    7
 iteration=           62
 Normalization:   1.000000017
 Net atomic charges for the current iteration: 
      0.964781     -0.964781
 Maximum change:  1.411053E-04
 Maximum density change:  6.065618E-07
Iterations to converge reshaping: 
    7
 iteration=           63
 Normalization:   1.000000017
 Net atomic charges for the current iteration: 
      0.964912     -0.964912
 Maximum change:  1.309833E-04
 Maximum density change:  5.630300E-07
Iterations to converge reshaping: 
    7
 iteration=           64
 Normalization:   1.000000017
 Net atomic charges for the current iteration: 
      0.965033     -0.965033
 Maximum change:  1.215923E-04
 Maximum density change:  5.226466E-07
Iterations to converge reshaping: 
    7
 iteration=           65
 Normalization:   1.000000017
 Net atomic charges for the current iteration: 
      0.965146     -0.965146
 Maximum change:  1.128788E-04
 Maximum density change:  4.851800E-07
Iterations to converge reshaping: 
    7
 iteration=           66
 Normalization:   1.000000017
 Net atomic charges for the current iteration: 
      0.965251     -0.965251
 Maximum change:  1.047934E-04
 Maximum density change:  4.504165E-07
Iterations to converge reshaping: 
    7
 iteration=           67
 Normalization:   1.000000017
 Net atomic charges for the current iteration: 
      0.965348     -0.965348
 Maximum change:  9.729027E-05
 Maximum density change:  4.181586E-07
Iterations to converge reshaping: 
    7
 iteration=           68
 Normalization:   1.000000017
 Net atomic charges for the current iteration: 
      0.965439     -0.965439
 Maximum change:  9.032717E-05
 Maximum density change:  3.882236E-07
Iterations to converge reshaping: 
    7
 iteration=           69
 Normalization:   1.000000017
 Net atomic charges for the current iteration: 
      0.965523     -0.965523
 Maximum change:  8.386483E-05
 Maximum density change:  3.604424E-07
Iterations to converge reshaping: 
    7
 iteration=           70
 Normalization:   1.000000017
 Net atomic charges for the current iteration: 
      0.965600     -0.965600
 Maximum change:  7.786691E-05
 Maximum density change:  3.346585E-07
Iterations to converge reshaping: 
    7
 iteration=           71
 Normalization:   1.000000017
 Net atomic charges for the current iteration: 
      0.965673     -0.965673
 Maximum change:  7.229977E-05
 Maximum density change:  3.107271E-07
Iterations to converge reshaping: 
    7
 iteration=           72
 Normalization:   1.000000017
 Net atomic charges for the current iteration: 
      0.965740     -0.965740
 Maximum change:  6.713223E-05
 Maximum density change:  2.885139E-07
Iterations to converge reshaping: 
    7
 iteration=           73
 Normalization:   1.000000017
 Net atomic charges for the current iteration: 
      0.965802     -0.965802
 Maximum change:  6.233540E-05
 Maximum density change:  2.678947E-07
Iterations to converge reshaping: 
    7
 iteration=           74
 Normalization:   1.000000017
 Net atomic charges for the current iteration: 
      0.965860     -0.965860
 Maximum change:  5.788250E-05
 Maximum density change:  2.487543E-07
Iterations to converge reshaping: 
    7
 iteration=           75
 Normalization:   1.000000017
 Net atomic charges for the current iteration: 
      0.965914     -0.965914
 Maximum change:  5.374872E-05
 Maximum density change:  2.309860E-07
Iterations to converge reshaping: 
    7
 iteration=           76
 Normalization:   1.000000017
 Net atomic charges for the current iteration: 
      0.965964     -0.965964
 Maximum change:  4.991105E-05
 Maximum density change:  2.144907E-07
Iterations to converge reshaping: 
    7
 iteration=           77
 Normalization:   1.000000017
 Net atomic charges for the current iteration: 
      0.966010     -0.966010
 Maximum change:  4.634816E-05
 Maximum density change:  1.991768E-07
Iterations to converge reshaping: 
    7
 iteration=           78
 Normalization:   1.000000017
 Net atomic charges for the current iteration: 
      0.966053     -0.966053
 Maximum change:  4.304027E-05
 Maximum density change:  1.849592E-07
Iterations to converge reshaping: 
    7
 iteration=           79
 Normalization:   1.000000017
 Net atomic charges for the current iteration: 
      0.966093     -0.966093
 Maximum change:  3.996905E-05
 Maximum density change:  1.717590E-07
Iterations to converge reshaping: 
    7
 iteration=           80
 Normalization:   1.000000017
 Net atomic charges for the current iteration: 
      0.966130     -0.966130
 Maximum change:  3.711747E-05
 Maximum density change:  1.595032E-07
Iterations to converge reshaping: 
    7
 iteration=           81
 Normalization:   1.000000017
 Net atomic charges for the current iteration: 
      0.966165     -0.966165
 Maximum change:  3.446978E-05
 Maximum density change:  1.481237E-07
Iterations to converge reshaping: 
    7
 iteration=           82
 Normalization:   1.000000017
 Net atomic charges for the current iteration: 
      0.966197     -0.966197
 Maximum change:  3.201133E-05
 Maximum density change:  1.375578E-07
Iterations to converge reshaping: 
    7
 iteration=           83
 Normalization:   1.000000017
 Net atomic charges for the current iteration: 
      0.966226     -0.966226
 Maximum change:  2.972854E-05
 Maximum density change:  1.277470E-07
Iterations to converge reshaping: 
    7
 iteration=           84
 Normalization:   1.000000017
 Net atomic charges for the current iteration: 
      0.966254     -0.966254
 Maximum change:  2.760883E-05
 Maximum density change:  1.186372E-07
Iterations to converge reshaping: 
    7
 iteration=           85
 Normalization:   1.000000017
 Net atomic charges for the current iteration: 
      0.966280     -0.966280
 Maximum change:  2.564050E-05
 Maximum density change:  1.101781E-07
Iterations to converge reshaping: 
    7
 iteration=           86
 Normalization:   1.000000017
 Net atomic charges for the current iteration: 
      0.966303     -0.966303
 Maximum change:  2.381270E-05
 Maximum density change:  1.023231E-07
Iterations to converge reshaping: 
    7
 iteration=           87
 Normalization:   1.000000017
 Net atomic charges for the current iteration: 
      0.966326     -0.966326
 Maximum change:  2.211539E-05
 Maximum density change:  9.502891E-08
Iterations to converge reshaping: 
    7
 iteration=           88
 Normalization:   1.000000017
 Net atomic charges for the current iteration: 
      0.966346     -0.966346
 Maximum change:  2.053921E-05
 Maximum density change:  8.825542E-08
Iterations to converge reshaping: 
    7
 iteration=           89
 Normalization:   1.000000017
 Net atomic charges for the current iteration: 
      0.966365     -0.966365
 Maximum change:  1.907550E-05
 Maximum density change:  8.196536E-08
Iterations to converge reshaping: 
    7
 iteration=           90
 Normalization:   1.000000017
 Net atomic charges for the current iteration: 
      0.966383     -0.966383
 Maximum change:  1.771622E-05
 Maximum density change:  7.612412E-08
Iterations to converge reshaping: 
    7
 iteration=           91
 Normalization:   1.000000017
 Net atomic charges for the current iteration: 
      0.966399     -0.966399
 Maximum change:  1.645390E-05
 Maximum density change:  7.069963E-08
Iterations to converge reshaping: 
    7
 iteration=           92
 Normalization:   1.000000017
 Net atomic charges for the current iteration: 
      0.966415     -0.966415
 Maximum change:  1.528161E-05
 Maximum density change:  6.566207E-08
Iterations to converge reshaping: 
    7
 iteration=           93
 Normalization:   1.000000017
 Net atomic charges for the current iteration: 
      0.966429     -0.966429
 Maximum change:  1.419292E-05
 Maximum density change:  6.098380E-08
Iterations to converge reshaping: 
    7
 iteration=           94
 Normalization:   1.000000017
 Net atomic charges for the current iteration: 
      0.966442     -0.966442
 Maximum change:  1.318185E-05
 Maximum density change:  5.663915E-08
Iterations to converge reshaping: 
    7
 iteration=           95
 Normalization:   1.000000017
 Net atomic charges for the current iteration: 
      0.966454     -0.966454
 Maximum change:  1.224287E-05
 Maximum density change:  5.260429E-08
Iterations to converge reshaping: 
    7
 iteration=           96
 Normalization:   1.000000017
 Net atomic charges for the current iteration: 
      0.966466     -0.966466
 Maximum change:  1.137082E-05
 Maximum density change:  4.885708E-08
Iterations to converge reshaping: 
    7
 iteration=           97
 Normalization:   1.000000017
 Net atomic charges for the current iteration: 
      0.966476     -0.966476
 Maximum change:  1.056093E-05
 Maximum density change:  4.537700E-08
Iterations to converge reshaping: 
    7
 iteration=           98
 Normalization:   1.000000017
 Net atomic charges for the current iteration: 
      0.966486     -0.966486
 Maximum change:  9.808759E-06
 Maximum density change:  4.214497E-08
Iterations to converge reshaping: 
    7
 iteration=           99
 Normalization:   1.000000017
 Net atomic charges for the current iteration: 
      0.966495     -0.966495
 Maximum change:  9.110192E-06
 Maximum density change:  3.914329E-08
Iterations to converge reshaping: 
    7
 iteration=          100
 Normalization:   1.000000017
 Net atomic charges for the current iteration: 
      0.966504     -0.966504
 Maximum change:  8.461403E-06
 Maximum density change:  3.635553E-08
Iterations to converge reshaping: 
    7
 iteration=          101
 Normalization:   1.000000017
 Net atomic charges for the current iteration: 
      0.966511     -0.966511
 Maximum change:  7.858841E-06
 Maximum density change:  3.376642E-08
  
 ******************** TIME CONTROL ********************
 Finished valence_iterator in    17.898000717163086      seconds
 ******************************************************
  
  
 ******************** TIME CONTROL ********************
 Starting local_multipole_moment_analysis
 ******************************************************
  
 Multipole analysis for each of the expansion sites.
 XYZ coordinates, net charges, and multipoles are in atomic units. Dipoles and quadrupoles are for valence electrons.
 center number, atomic number, x, y, z, net_charge, dipole_x, dipole_y, dipole_z, dipole_mag, Qxy, Qxz, Qyz, Q(x^2-y^2), Q(3z^2 - R^2),three eigenvalues of traceless quadrupole moment tensor
     1    11  0.000000  0.000000  0.000000  0.966511  0.000000 -0.000000 -0.000000  0.000000 -0.000001 -0.000001 -0.000001  0.000000  0.000000 -0.000000  0.000000  0.000000
     2    17  5.346879  5.346879  5.346879 -0.966511 -0.000000 -0.000000 -0.000000  0.000000 -0.000025 -0.000025 -0.000025 -0.000000 -0.000000 -0.000051  0.000025  0.000025
  
 ******************** TIME CONTROL ********************
 Finished local_multipole_moment_analysis in    9.4999998807907104E-002 seconds
 ******************************************************
  
 Since the system is periodic, total multipole moment analysis will not be performed.
 Calculation of the electron cloud penetration terms
  
 ******************** TIME CONTROL ********************
 Starting perform_BO_analysis
 ******************************************************
  
 Starting Effective Bond Order (BO) Analysis
  
 ******************** TIME CONTROL ********************
 Starting prepare_BO_density_grids
 ******************************************************
  
 Preparing density grids for bond order analysis ...
 Total density grid corrected in the following number of iterations:     3
 The total integrated number of electrons is       28.000000
 Grid preparation complete.
  
 ******************** TIME CONTROL ********************
 Finished prepare_BO_density_grids in   0.17100000381469727      seconds
 ******************************************************
  
  
 ******************** TIME CONTROL ********************
 Starting compute_local_atomic_exchange_vectors
 ******************************************************
  
  
 ******************** TIME CONTROL ********************
 Finished compute_local_atomic_exchange_vectors in   0.10499999672174454      seconds
 ******************************************************
  
  
 ******************** TIME CONTROL ********************
 Starting initialize_bond_pair_matrix
 ******************************************************
  
 Initializing the bond pair matrix ...
 The total number of symmetry unique atom pairs to include in the bond pair matrix is
 num_sym_unique_bond_pairs:     15
 The bond pair matrix has been initialized.
  
 ******************** TIME CONTROL ********************
 Finished initialize_bond_pair_matrix in    3.0999999493360519E-002 seconds
 ******************************************************
  
  
 ******************** TIME CONTROL ********************
 Starting compute_summed_contact_exchange
 ******************************************************
  
  
 ******************** TIME CONTROL ********************
 Finished compute_summed_contact_exchange in    6.1999998986721039E-002 seconds
 ******************************************************
  
  
 ******************** TIME CONTROL ********************
 Starting integrate_bonding_terms
 ******************************************************
  
  
 ******************** TIME CONTROL ********************
 Finished integrate_bonding_terms in   0.51700001955032349      seconds
 ******************************************************
  
  
 ******************** TIME CONTROL ********************
 Starting calculate_final_BOs
 ******************************************************
  
 Checking for consistency in the summed contact exchange
 The maximum error in the summed contact exchange is     0.002250
  
 The sum of contact exchanges for each atom are:
    0.320136
    0.776172
  
 The sum of BOs for each atom are:
    0.367947
    0.853953
  
 The final bond pair matrix is
     1     2   -1.000000   -1.000000    0.000000  -82.000000   54.000000  -82.000000   54.000000  -54.000000   82.000000    0.052981    0.052981    0.052953    0.014498    0.532456    0.014966    0.007968    0.060950    0.060950
     1     2   -1.000000    0.000000   -1.000000  -82.000000   54.000000  -54.000000   82.000000  -82.000000   54.000000    0.052981    0.052981    0.052953    0.014498    0.532456    0.014966    0.007968    0.060950    0.060950
     1     2   -1.000000    0.000000    0.000000  -82.000000   54.000000  -54.000000   82.000000  -54.000000   82.000000    0.052981    0.052981    0.052953    0.014498    0.532456    0.014966    0.007968    0.060950    0.060950
     1     2    0.000000   -1.000000   -1.000000  -54.000000   82.000000  -82.000000   54.000000  -82.000000   54.000000    0.052981    0.052981    0.052953    0.014498    0.532456    0.014966    0.007968    0.060950    0.060950
     1     2    0.000000   -1.000000    0.000000  -54.000000   82.000000  -82.000000   54.000000  -54.000000   82.000000    0.052981    0.052981    0.052953    0.014498    0.532456    0.014966    0.007968    0.060950    0.060950
     1     2    0.000000    0.000000   -1.000000  -54.000000   82.000000  -54.000000   82.000000  -82.000000   54.000000    0.052981    0.052981    0.052953    0.014498    0.532456    0.014966    0.007968    0.060950    0.060950
     2     2    0.000000    0.000000    1.000000  -49.000000  105.000000  -49.000000  105.000000    2.000000  110.000000    0.037948    0.037948    0.038100    0.009152    0.265907    0.009392    0.002497    0.040446    0.040446
     2     2    0.000000    1.000000   -1.000000  -49.000000  105.000000    2.000000  110.000000  -54.000000   54.000000    0.037948    0.037948    0.038100    0.009152    0.265907    0.009392    0.002497    0.040446    0.040446
     2     2    0.000000    1.000000    0.000000  -49.000000  105.000000    2.000000  110.000000  -49.000000  105.000000    0.037948    0.037948    0.038100    0.009152    0.265907    0.009392    0.002497    0.040446    0.040446
     2     2    1.000000   -1.000000   -1.000000    2.000000  110.000000  -54.000000   54.000000  -54.000000   54.000000    0.000249    0.000249    0.000249    0.000000    0.265907    0.000000    0.000000    0.000249    0.000249
     2     2    1.000000   -1.000000    0.000000    2.000000  110.000000  -54.000000   54.000000  -49.000000  105.000000    0.037948    0.037948    0.038100    0.009152    0.265907    0.009392    0.002497    0.040446    0.040446
     2     2    1.000000   -1.000000    1.000000    2.000000  110.000000  -54.000000   54.000000    2.000000  110.000000    0.000249    0.000249    0.000249    0.000000    0.265907    0.000000    0.000000    0.000249    0.000249
     2     2    1.000000    0.000000   -1.000000    2.000000  110.000000  -49.000000  105.000000  -54.000000   54.000000    0.037948    0.037948    0.038100    0.009152    0.265907    0.009392    0.002497    0.040446    0.040446
     2     2    1.000000    0.000000    0.000000    2.000000  110.000000  -49.000000  105.000000  -49.000000  105.000000    0.037948    0.037948    0.038100    0.009152    0.265907    0.009392    0.002497    0.040446    0.040446
     2     2    1.000000    1.000000   -1.000000    2.000000  110.000000    2.000000  110.000000  -54.000000   54.000000    0.000249    0.000249    0.000249    0.000000    0.265907    0.000000    0.000000    0.000249    0.000249
 The legend for the bond pair matrix follows:
 Columns 1 and 2 = atom numbers
 Columns 3 to 5 = repeata, repeatb, repeatc (i.e., periodic translation of second atom)
 Columns 6 to 11 = corners of the shared parallepiped: min na, max na, min nb, max nb, min nc, max nc
 Columns 12 =  contact exchange
 Columns 13 =  a term for computing average spin polarization of bonding
 Columns 14 =  overlap population
 Columns 15 =  the integrated second order atomic exchange propensities for computing bond order
 Columns 16 =  the coordination term constructed from tanh function
 Columns 17 =  the pairwise term
 Columns 18 =  expansion term combining coordination and pairwise terms
 Columns 19 =  bond index before imposing the atom self-exchange constraint
 Columns 20 =  final bond order
 
 The atom self-exchange constraint affected (by at least 0.1_dp*BO_print_cutoff)      0 bond orders.
 
  
 ******************** TIME CONTROL ********************
 Finished calculate_final_BOs in    4.0000001899898052E-003 seconds
 ******************************************************
  
 Bond order analysis complete.
  
 ******************** TIME CONTROL ********************
 Finished perform_BO_analysis in   0.89099997282028198      seconds
 ******************************************************
  
 The computed Rsquared moments of the atoms (in bohr^2) are: 
     6.958415    36.006303
 The computed Rcubed moments of the atoms (in bohr^3) are: 
     9.689663    95.595531
 The computed Rfourth moments of the atoms (in bohr^4) are: 
    18.373969   310.652359
 Normal termination of Chargemol program.
 Copyright (c) 2014, 2015, 2016, 2017 by Thomas A. Manz and Nidia Gabaldon Limas. Rights reserved.
 Use and distribution of this program is subject to certain licensing restrictions.
 Please see ddec.sourceforge.net for details.
  
 Please cite the following journal references when using this program to compute DDEC6 charges:
 N. Gabaldon Limas and T. A. Manz,  "Introducing DDEC6 atomic population analysis: part 2. 
 Computed results for a wide range of periodic and nonperiodic materials," RSC Advances, Vol. 6 (2016) 45727-45747.
 T. A. Manz and N. Gabaldon Limas, "Introducing DDEC6 atomic population analysis: part 1.
 Charge partitioning theory and methodology," RSC Advances, Vol. 6 (2016) 47771-47801.
 If desired, you can also cite references listed below for the DDEC3 and earlier methods.
  
 Please cite the following journal references when using this program to compute DDEC, Hirshfeld, or ISA charges:
 Thomas A. Manz and David S. Sholl, "Improved Atoms-in-Molecule Charge Partitioning Functional for Simultaneously Reproducing the Electrostatic
 Potential and Chemical States in Periodic and Non-Periodic Materials", J. Chem. Theory Comput., Vol. 8 (2012) 2844-2867.
 Thomas A. Manz and David S. Sholl, "Chemically Meaningful Atomic Charges that Reproduce the Electrostatic Potential in Periodic and Nonperiodic
 Materials", J. Chem. Theory Comput., Vol. 6 (2010) 2455-2468.
  
 Please cite the following journal reference when using this program to compute atomic spin moments:
 Thomas A. Manz and David S. Sholl, "Methods for Computing Accurate Atomic Spin Moments for Collinear and Noncollinear Magnetism in Periodic and
 Nonperiodic Materials", J. Chem. Theory Comput., Vol. 7 (2011) 4146-4164.
  
 Please cite the following reference when using this program to compute bond orders:
 Thomas A. Manz, "Introducing DDEC6 atomic population analysis: part 3. Comprehensive method to compute bond orders.", RSC Advances, Vol. 7 (2017) 45552-45581.
  
 Exiting Chargemol
 2017/10/01  15:24:43
  
 ******************** TIME CONTROL ********************
 Finished chargemol in    23.065999984741211      seconds
 ******************************************************
  
