  
 ******************** TIME CONTROL ********************
 Starting Chargemol version 3.5 September 26, 2017.
 ******************************************************
  
 Starting DDEC program
 2017/09/30  20:03:05
 Copyright (c) 2014, 2015, 2016 by Thomas A. Manz and Nidia Gabaldon Limas. Rights reserved.
  
 **************** THREAD INFORMATION ******************
 Job running using OpenMP.
 The number of parallel threads is:            4
  
 ******************************************************
  
 /home/tamanz/bin/atomic_densities/                                                                                                                                                                      
 GTO basis set type is supported. Calculation will proceed.
 ncenters=     3
 norbitals=     276
 netcharge= 0.00
 nprimitives=   216
 Natural orbital occupation numbers for alpha (1st column) and beta (2nd column) electrons.
      0.9998      0.0000
      0.9998      0.0000
      0.9998      0.0000
      0.9931      0.0000
      0.9911      0.0000
      0.9890      0.0000
      0.9876      0.0000
      0.9844      0.0000
      0.9838      0.0000
      0.9828      0.0000
      0.9818      0.0000
      0.9696      0.0000
      0.9680      0.0000
      0.0304      0.0000
      0.0296      0.0000
      0.0102      0.0000
      0.0101      0.0000
      0.0077      0.0000
      0.0068      0.0000
      0.0064      0.0000
      0.0059      0.0000
      0.0044      0.0000
      0.0039      0.0000
      0.0036      0.0000
      0.0036      0.0000
      0.0036      0.0000
      0.0035      0.0000
      0.0032      0.0000
      0.0030      0.0000
      0.0030      0.0000
      0.0030      0.0000
      0.0029      0.0000
      0.0022      0.0000
      0.0018      0.0000
      0.0016      0.0000
      0.0015      0.0000
      0.0015      0.0000
      0.0013      0.0000
      0.0012      0.0000
      0.0011      0.0000
      0.0006      0.0000
      0.0005      0.0000
      0.0005      0.0000
      0.0005      0.0000
      0.0004      0.0000
      0.0004      0.0000
      0.0004      0.0000
      0.0003      0.0000
      0.0003      0.0000
      0.0003      0.0000
      0.0003      0.0000
      0.0003      0.0000
      0.0003      0.0000
      0.0003      0.0000
      0.0003      0.0000
      0.0003      0.0000
      0.0003      0.0000
      0.0003      0.0000
      0.0003      0.0000
      0.0003      0.0000
      0.0002      0.0000
      0.0002      0.0000
      0.0002      0.0000
      0.0002      0.0000
      0.0002      0.0000
      0.0002      0.0000
      0.0002      0.0000
      0.0002      0.0000
      0.0002      0.0000
      0.0002      0.0000
      0.0002      0.0000
      0.0002      0.0000
      0.0002      0.0000
      0.0002      0.0000
      0.0002      0.0000
      0.0002      0.0000
      0.0002      0.0000
      0.0001      0.0000
      0.0001      0.0000
      0.0001      0.0000
      0.0001      0.0000
      0.0001      0.0000
      0.0001      0.0000
      0.0001      0.0000
      0.0001      0.0000
      0.0001      0.0000
      0.0001      0.0000
      0.0001      0.0000
      0.0000      0.0000
      0.0000      0.0000
      0.0000      0.0000
      0.0000      0.0000
      0.0000      0.0000
      0.0000      0.0000
      0.0000      0.0000
      0.0000      0.0000
      0.0000      0.0000
      0.0000      0.0000
      0.0000      0.0000
      0.0000      0.0000
      0.0000      0.0000
      0.0000      0.0000
      0.0000      0.0000
      0.0000      0.0000
      0.0000      0.0000
      0.0000      0.0000
      0.0000      0.0000
      0.0000      0.0000
      0.0000      0.0000
      0.0000      0.0000
      0.0000      0.0000
      0.0000      0.0000
      0.0000      0.0000
      0.0000      0.0000
      0.0000      0.0000
      0.0000      0.0000
      0.0000      0.0000
      0.0000      0.0000
      0.0000      0.0000
      0.0000      0.0000
      0.0000      0.0000
      0.0000      0.0000
      0.0000      0.0000
      0.0000      0.0000
      0.0000      0.0000
      0.0000      0.0000
      0.0000      0.0000
      0.0000      0.0000
      0.0000      0.0000
      0.0000      0.0000
      0.0000      0.0000
      0.0000      0.0000
      0.0000      0.0000
      0.0000      0.0000
      0.0000      0.0000
      0.0000      0.0000
      0.0000      0.0000
      0.0000      0.0000
      0.0000      0.9998
      0.0000      0.9998
      0.0000      0.9998
      0.0000      0.9910
      0.0000      0.9871
      0.0000      0.9851
      0.0000      0.9722
      0.0000      0.9710
      0.0000      0.9704
      0.0000      0.9542
      0.0000      0.9448
      0.0000      0.0537
      0.0000      0.0484
      0.0000      0.0244
      0.0000      0.0235
      0.0000      0.0063
      0.0000      0.0053
      0.0000      0.0052
      0.0000      0.0051
      0.0000      0.0043
      0.0000      0.0037
      0.0000      0.0036
      0.0000      0.0034
      0.0000      0.0031
      0.0000      0.0029
      0.0000      0.0028
      0.0000      0.0023
      0.0000      0.0021
      0.0000      0.0021
      0.0000      0.0017
      0.0000      0.0017
      0.0000      0.0016
      0.0000      0.0015
      0.0000      0.0015
      0.0000      0.0012
      0.0000      0.0011
      0.0000      0.0011
      0.0000      0.0009
      0.0000      0.0008
      0.0000      0.0007
      0.0000      0.0004
      0.0000      0.0003
      0.0000      0.0003
      0.0000      0.0003
      0.0000      0.0003
      0.0000      0.0003
      0.0000      0.0003
      0.0000      0.0003
      0.0000      0.0002
      0.0000      0.0002
      0.0000      0.0002
      0.0000      0.0002
      0.0000      0.0002
      0.0000      0.0002
      0.0000      0.0002
      0.0000      0.0002
      0.0000      0.0002
      0.0000      0.0002
      0.0000      0.0002
      0.0000      0.0002
      0.0000      0.0002
      0.0000      0.0002
      0.0000      0.0002
      0.0000      0.0002
      0.0000      0.0002
      0.0000      0.0002
      0.0000      0.0002
      0.0000      0.0002
      0.0000      0.0002
      0.0000      0.0002
      0.0000      0.0001
      0.0000      0.0001
      0.0000      0.0001
      0.0000      0.0001
      0.0000      0.0001
      0.0000      0.0001
      0.0000      0.0001
      0.0000      0.0001
      0.0000      0.0001
      0.0000      0.0001
      0.0000      0.0001
      0.0000      0.0001
      0.0000      0.0001
      0.0000      0.0001
      0.0000      0.0000
      0.0000      0.0000
      0.0000      0.0000
      0.0000      0.0000
      0.0000      0.0000
      0.0000      0.0000
      0.0000      0.0000
      0.0000      0.0000
      0.0000      0.0000
      0.0000      0.0000
      0.0000      0.0000
      0.0000      0.0000
      0.0000      0.0000
      0.0000      0.0000
      0.0000      0.0000
      0.0000      0.0000
      0.0000      0.0000
      0.0000      0.0000
      0.0000      0.0000
      0.0000      0.0000
      0.0000      0.0000
      0.0000      0.0000
      0.0000      0.0000
      0.0000      0.0000
      0.0000      0.0000
      0.0000      0.0000
      0.0000      0.0000
      0.0000      0.0000
      0.0000      0.0000
      0.0000      0.0000
      0.0000      0.0000
      0.0000      0.0000
      0.0000      0.0000
      0.0000      0.0000
      0.0000      0.0000
      0.0000      0.0000
      0.0000      0.0000
      0.0000      0.0000
      0.0000      0.0000
      0.0000      0.0000
      0.0000      0.0000
      0.0000      0.0000
      0.0000      0.0000
      0.0000      0.0000
      0.0000      0.0000
      0.0000      0.0000
      0.0000      0.0000
      0.0000      0.0000
      0.0000      0.0000
      0.0000      0.0000
      0.0000      0.0000
      0.0000      0.0000
      0.0000      0.0000
      0.0000      0.0000
 The total number of electrons in natural orbitals is
 included electrons=      24
 Sorting the basis set primitives:
 natoms=     3
 The number of valence electrons is consistent with the sum of orbital occupations.
  
 ******************** TIME CONTROL ********************
 Starting generate_density_grids_from_gaussian_basis_set_coefficients
 ******************************************************
  
    0.1400    0.0000    0.0000
    0.0000    0.1400    0.0000
    0.0000    0.0000    0.1400
 Initial setup of atoms using temporary origin (0,0,0)
 center_nabc =
           0           0           8
           0          13          -4
           0         -13          -4
 delta_na=     69
 delta_nb=     69
 delta_nc=     69
 Compute a better origin and number of grid points along each grid direction
 totnumA=     168
 totnumB=     192
 totnumC=     168
 The new origin is
  -10.5000  -12.3200  -11.0600
 Compute atomic positions using the better origin
 center_nabc =
          75          88          87
          75         101          75
          75          75          75
 Making sure the atomic coordinates for periodic directions are inside the reference unit cell.
 The adjusted atomic coordinates are
    0.0000   -0.0000    1.0943
    0.0000    1.8723   -0.5472
    0.0000   -1.8723   -0.5472
  
 The adjusted center_nabc is
          75          88          87
          75         101          75
          75          75          75
 nimages=       1
  
 ******************** TIME CONTROL ********************
 Finished Step 1 in    0.0000000000000000      seconds.
 ******************************************************
  
 Setup of grid points was successful.
  
 ******************** TIME CONTROL ********************
 Finished Step 2 in    7.5999997556209564E-002 seconds
 ******************************************************
  
 The number of primitive pair blocks are    1695
 The total number of included primitives is:   11943
 The number of primitive products to treat analytically is:    4938
 The number of primitive products to treat numerically is:    7005
  
  
 ******************** TIME CONTROL ********************
 Finished Step 3 in    8.6000002920627594E-002 seconds
 ******************************************************
  
 The one-particle density matrix is properly normalized.
  
 ******************** TIME CONTROL ********************
 Finished Step 4 in    9.4999998807907104E-002 seconds
 ******************************************************
  
 The transformation of gaussian primitives was succesful.
  
 ******************** TIME CONTROL ********************
 Finished Step 5 in   0.13500000536441803      seconds
 ******************************************************
  
  
 ******************** TIME CONTROL ********************
 Finished Step 6 in   0.13500000536441803      seconds
 ******************************************************
  
  
 ******************** TIME CONTROL ********************
 Before loop   0.17599999904632568      seconds
 ******************************************************
  
  
 ******************** TIME CONTROL ********************
 Before interpolation    42.605998992919922      seconds
 ******************************************************
  
 Generation of the valence and spin density for each grid point was successful.
 The maximum pair correction was:    1.8837E-03
  
 ******************** TIME CONTROL ********************
 Finished Step 7 (loop + interpolation) in    254.37399291992188      seconds
 ******************************************************
  
 The raw number of core electrons is:    6.4101E+00
  
 ******************** TIME CONTROL ********************
 Starting add_missing_core_density
 ******************************************************
  
 center_nabc =
          75          88          87
          75         101          75
          75          75          75
 delta_na=     69
 delta_nb=     69
 delta_nc=     69
  
 ******************** TIME CONTROL ********************
 Starting check_grid_spacing
 ******************************************************
  
 The grid spacing in your electron density input file is adequate.
  
 ******************** TIME CONTROL ********************
 Finished check_grid_spacing in    4.6000000089406967E-002 seconds
 ******************************************************
  
 Checking to see that all core electrons are accounted for:
  
 Printing atom number, atomic number, core electrons, and missing core for each atom.
 (Missing core electrons will be inserted using stored core electron reference densities.)
    1    8     2.055903    0
    2    8     2.055226    0
    3    8     2.055226    0
 Finished the check for missing core electrons.
  
 ******************** TIME CONTROL ********************
 Finished add_missing_core_density in    4.6000000089406967E-002 seconds
 ******************************************************
  
  
 ******************** TIME CONTROL ********************
 Finished Step 8 in    254.49200439453125      seconds
 ******************************************************
  
  
 ******************** TIME CONTROL ********************
 Finished generate_density_grids_from_gaussian_basis_set_coefficients in    254.49200439453125      seconds
 ******************************************************
  
 ncore =        6.1664
 nvalence =       17.8336
 pixelvolume =    2.7440E-03
 numerically integrated valence density =    1.7834E+01
 sum_valence_occupancy_correction =    0.0000E+00
 checkme =    1.0902E-10
 The grid spacing is adequate and all electrons are properly accounted for.
 Calculation will proceed.
 Making sure the atomic coordinates for periodic directions are inside the reference unit cell.
 The adjusted atomic coordinates are
    0.0000   -0.0000    1.0943
    0.0000    1.8723   -0.5472
    0.0000   -1.8723   -0.5472
  
 The adjusted center_nabc is
          75          88          87
          75         101          75
          75          75          75
  
 ******************** TIME CONTROL ********************
 Starting core_iterator
 ******************************************************
  
 Iteratively solving for the core charge distributions:
 Iteration=   1
 change=   2.235438E+00
 Iteration=   2
 change=   4.266238E-04
 Iteration=   3
 change=   4.098015E-07
 Iteration=   4
 change=   1.567948E-08
 Iteration=   5
 change=   9.432100E-11
 Iteration=   6
 change=   1.688116E-11
 Correcting the core density grid
 iteration=            1
 iteration=            2
 iteration=            3
 iteration=            4
 Core density grid corrected in the following number of iterations: 
 iter=            4
  
 ******************** TIME CONTROL ********************
 Finished core_iterator in    1.4529999494552612      seconds
 ******************************************************
  
  
 ******************** TIME CONTROL ********************
 Starting valence_iterator
 ******************************************************
  
 Iteratively solving for the atomic partial charge distributions:
 Reference weighting:   0.21428571428571427     
 iteration=            1
 Normalization:   1.000000293
 Net atomic charges for the current iteration: 
      0.122711     -0.061355     -0.061355
 Maximum change:  6.006129E+00
 Maximum density change:  1.444696E+02
 Information for noniterative Hirshfeld method will be printed now.
  
 ******************** TIME CONTROL ********************
 Starting local_multipole_moment_analysis
 ******************************************************
  
 Multipole analysis for each of the expansion sites.
 XYZ coordinates, net charges, and multipoles are in atomic units. Dipoles and quadrupoles are for valence electrons.
 center number, atomic number, x, y, z, net_charge, dipole_x, dipole_y, dipole_z, dipole_mag, Qxy, Qxz, Qyz, Q(x^2-y^2), Q(3z^2 - R^2),three eigenvalues of traceless quadrupole moment tensor
     1     8  0.000000 -0.000000  1.094341  0.122711 -0.000000  0.000000 -0.054055  0.054055 -0.000000  0.000000  0.000000 -0.058436 -0.164687 -0.054596  0.000201  0.054395
     2     8  0.000000  1.872292 -0.547171 -0.061355  0.000000 -0.032429  0.087764  0.093564 -0.000000  0.000000 -0.128605 -0.286522  0.109781 -0.159074 -0.054436  0.213510
     3     8  0.000000 -1.872292 -0.547171 -0.061355  0.000000  0.032429  0.087764  0.093564  0.000000  0.000000  0.128605 -0.286522  0.109781 -0.159074 -0.054436  0.213510
  
 ******************** TIME CONTROL ********************
 Finished local_multipole_moment_analysis in    8.2000002264976501E-002 seconds
 ******************************************************
  
 Hirshfeld analysis finished, calculation of iterative AIM will proceed.
 iteration=            2
 Normalization:   1.000000293
 Net atomic charges for the current iteration: 
      0.172648     -0.086324     -0.086324
 Maximum change:  4.993738E-02
 Maximum density change:  1.130064E-02
 iteration=            3
 Normalization:   1.000000293
 Net atomic charges for the current iteration: 
      0.198573     -0.099287     -0.099287
 Maximum change:  2.592487E-02
 Maximum density change:  3.470482E-04
 iteration=            4
 Normalization:   1.000000293
 Net atomic charges for the current iteration: 
      0.212195     -0.106098     -0.106098
 Maximum change:  1.362219E-02
 Maximum density change:  1.515734E-04
Iterations to converge reshaping: 
    3
 iteration=            5
 Normalization:   1.000000293
 Net atomic charges for the current iteration: 
      0.219633     -0.109816     -0.109816
 Maximum change:  7.437623E-03
 Maximum density change:  7.462484E-05
Iterations to converge reshaping: 
    3
 iteration=            6
 Normalization:   1.000000293
 Net atomic charges for the current iteration: 
      0.223796     -0.111898     -0.111898
 Maximum change:  4.162733E-03
 Maximum density change:  3.889342E-05
Iterations to converge reshaping: 
    3
 iteration=            7
 Normalization:   1.000000293
 Net atomic charges for the current iteration: 
      0.226176     -0.113088     -0.113088
 Maximum change:  2.380346E-03
 Maximum density change:  2.103312E-05
Iterations to converge reshaping: 
    3
 iteration=            8
 Normalization:   1.000000293
 Net atomic charges for the current iteration: 
      0.227560     -0.113780     -0.113780
 Maximum change:  1.384138E-03
 Maximum density change:  1.169701E-05
Iterations to converge reshaping: 
    3
 iteration=            9
 Normalization:   1.000000293
 Net atomic charges for the current iteration: 
      0.228376     -0.114188     -0.114188
 Maximum change:  8.159190E-04
 Maximum density change:  6.646469E-06
Iterations to converge reshaping: 
    3
 iteration=           10
 Normalization:   1.000000293
 Net atomic charges for the current iteration: 
      0.228863     -0.114431     -0.114431
 Maximum change:  4.864421E-04
 Maximum density change:  3.840878E-06
Iterations to converge reshaping: 
    3
 iteration=           11
 Normalization:   1.000000293
 Net atomic charges for the current iteration: 
      0.229155     -0.114578     -0.114578
 Maximum change:  2.928060E-04
 Maximum density change:  2.249866E-06
Iterations to converge reshaping: 
    3
 iteration=           12
 Normalization:   1.000000293
 Net atomic charges for the current iteration: 
      0.229333     -0.114667     -0.114667
 Maximum change:  1.777155E-04
 Maximum density change:  1.332702E-06
Iterations to converge reshaping: 
    3
 iteration=           13
 Normalization:   1.000000293
 Net atomic charges for the current iteration: 
      0.229442     -0.114721     -0.114721
 Maximum change:  1.086507E-04
 Maximum density change:  7.968996E-07
Iterations to converge reshaping: 
    3
 iteration=           14
 Normalization:   1.000000293
 Net atomic charges for the current iteration: 
      0.229509     -0.114754     -0.114754
 Maximum change:  6.685946E-05
 Maximum density change:  4.804067E-07
Iterations to converge reshaping: 
    3
 iteration=           15
 Normalization:   1.000000293
 Net atomic charges for the current iteration: 
      0.229550     -0.114775     -0.114775
 Maximum change:  4.138546E-05
 Maximum density change:  2.916952E-07
Iterations to converge reshaping: 
    3
 iteration=           16
 Normalization:   1.000000293
 Net atomic charges for the current iteration: 
      0.229576     -0.114788     -0.114788
 Maximum change:  2.575550E-05
 Maximum density change:  1.782554E-07
Iterations to converge reshaping: 
    3
 iteration=           17
 Normalization:   1.000000293
 Net atomic charges for the current iteration: 
      0.229592     -0.114796     -0.114796
 Maximum change:  1.610831E-05
 Maximum density change:  1.095716E-07
Iterations to converge reshaping: 
    3
 iteration=           18
 Normalization:   1.000000293
 Net atomic charges for the current iteration: 
      0.229602     -0.114801     -0.114801
 Maximum change:  1.012128E-05
 Maximum density change:  6.771654E-08
Iterations to converge reshaping: 
    3
 iteration=           19
 Normalization:   1.000000293
 Net atomic charges for the current iteration: 
      0.229608     -0.114804     -0.114804
 Maximum change:  6.386985E-06
 Maximum density change:  4.205988E-08
Iterations to converge reshaping: 
    3
 iteration=           20
 Normalization:   1.000000293
 Net atomic charges for the current iteration: 
      0.229612     -0.114806     -0.114806
 Maximum change:  4.046833E-06
 Maximum density change:  2.624701E-08
Iterations to converge reshaping: 
    3
 iteration=           21
 Normalization:   1.000000293
 Net atomic charges for the current iteration: 
      0.229615     -0.114807     -0.114807
 Maximum change:  2.573891E-06
 Maximum density change:  1.645171E-08
Iterations to converge reshaping: 
    3
 iteration=           22
 Normalization:   1.000000293
 Net atomic charges for the current iteration: 
      0.229617     -0.114808     -0.114808
 Maximum change:  1.642955E-06
 Maximum density change:  1.035516E-08
  
 ******************** TIME CONTROL ********************
 Finished valence_iterator in    3.9419999122619629      seconds
 ******************************************************
  
  
 ******************** TIME CONTROL ********************
 Starting local_multipole_moment_analysis
 ******************************************************
  
 Multipole analysis for each of the expansion sites.
 XYZ coordinates, net charges, and multipoles are in atomic units. Dipoles and quadrupoles are for valence electrons.
 center number, atomic number, x, y, z, net_charge, dipole_x, dipole_y, dipole_z, dipole_mag, Qxy, Qxz, Qyz, Q(x^2-y^2), Q(3z^2 - R^2),three eigenvalues of traceless quadrupole moment tensor
     1     8  0.000000 -0.000000  1.094341  0.229617 -0.000000 -0.000000 -0.161890  0.161890 -0.000000  0.000000 -0.000000 -0.183830 -0.179202 -0.060078 -0.059434  0.119511
     2     8  0.000000  1.872292 -0.547171 -0.114808  0.000000 -0.011555  0.053938  0.055161 -0.000000  0.000000 -0.126438 -0.333035  0.073788 -0.176332 -0.051897  0.228229
     3     8  0.000000 -1.872292 -0.547171 -0.114808  0.000000  0.011555  0.053938  0.055161  0.000000  0.000000  0.126438 -0.333035  0.073788 -0.176332 -0.051897  0.228229
  
 ******************** TIME CONTROL ********************
 Finished local_multipole_moment_analysis in    8.2000002264976501E-002 seconds
 ******************************************************
  
 center_of_mass:   0.000000 -0.000000 -0.000000
  
 Since the system is nonperiodic, total multipole moment analysis will be performed.
 Total multipole moments are computed using the center of mass as the origin.
 Dipole and quadrupole moments using the net atomic charges.
 This corresponds to truncatating the distributed multipole expansion at monopole order.
 partial_charge_dipole_x=      0.000000
 partial_charge_dipole_y=      0.000000
 partial_charge_dipole_z=      0.376918
 partial_charge_dipole_magnitude     0.376918
 partial_charge_quadrupole_xy=      0.000000
 partial_charge_quadrupole_xz=      0.000000
 partial_charge_quadrupole_yz=     -0.000000
 partial_charge_quadrupole_x2minusy2=      0.804915
 partial_charge_quadrupole_3z2minusr2=      1.217393
 Dipole and quadrupole moments using the net atomic charges and the atomic dipoles.
 This corresponds to truncatating the distributed multipole expansion at dipole order.
 dipole_x=     -0.000000
 dipole_y=      0.000000
 dipole_z =      0.322904
 dipole_magnitude=      0.322904
 quadrupole_xy=      0.000000
 quadrupole_xz=     -0.000000
 quadrupole_yz=     -0.000000
 quadrupole_x2minusy2=      0.891451
 quadrupole_3z2minusr2 =      0.359172
 Dipole and quadrupole moments using the net atomic charges, atomic dipoles, and atomic quadrupoles.
 This corresponds to truncatating the distributed multipole expansion at quadrupole order.
 dipole_x=     -0.000000
 dipole_y=      0.000000
 dipole_z=      0.322904
 dipole_magnitude=   0.32290365896863382     
 full_quadrupole_xy=      0.000000
 full_quadrupole_xz=      0.000000
 full_quadrupole_yz=     -0.000000
 full_quadrupole_x2minusy2=      0.041550
 full_quadrupole_3z2minusr2 =      0.327545
 Calculation of the electron cloud penetration terms
  
 ******************** TIME CONTROL ********************
 Starting collinear_spin_moments_iterator
 ******************************************************
  
 Iteratively solving for the atomic spin distributions:
 iteration:            1
 spin_population:   0.44300839454582513       0.77849570764362108       0.77849570794010203     
 tot_spin_moment:    1.9999998101295482     
 max_change:   0.77849570794010203     
  
 iteration:            2
 spin_population:   0.42893108833802196       0.78552413731073822       0.78552413767308216     
 tot_spin_moment:    1.9999793633218423     
 max_change:    1.4077306207803175E-002
  
 iteration:            3
 spin_population:   0.42603097579531324       0.78698674631948140       0.78698674671003110     
 tot_spin_moment:    2.0000044688248257     
 max_change:    2.9001125427087215E-003
  
 iteration:            4
 spin_population:   0.42533789986388232       0.78732929607742075       0.78732929647667094     
 tot_spin_moment:    1.9999964924179741     
 max_change:    6.9307593143091983E-004
  
 iteration:            5
 spin_population:   0.42516221788038200       0.78741942675203724       0.78741942715495639     
 tot_spin_moment:    2.0000010717873753     
 max_change:    1.7568198350031983E-004
  
 iteration:            6
 spin_population:   0.42511483699812602       0.78744214841859961       0.78744214882265373     
 tot_spin_moment:    1.9999991342393795     
 max_change:    4.7380882255976253E-005
  
 iteration:            7
 spin_population:   0.42510175869421890       0.78744917346393029       0.78744917386835112     
 tot_spin_moment:    2.0000001060265005     
 max_change:    1.3078303907121391E-005
  
 Final spin populations:   0.42510175869421890       0.78744917346393029       0.78744917386835112     
 The total spin moment of the unit cell is:    2.0000001060265005     
  
  
 ******************** TIME CONTROL ********************
 Finished collinear_spin_moments_iterator in    2.5360000133514404      seconds
 ******************************************************
  
  
 ******************** TIME CONTROL ********************
 Starting perform_BO_analysis
 ******************************************************
  
 Starting Effective Bond Order (BO) Analysis
  
 ******************** TIME CONTROL ********************
 Starting prepare_BO_density_grids
 ******************************************************
  
 Preparing density grids for bond order analysis ...
 Total density grid corrected in the following number of iterations:     1
 The total integrated number of electrons is       24.000000
 Grid preparation complete.
  
 ******************** TIME CONTROL ********************
 Finished prepare_BO_density_grids in    7.4000000953674316E-002 seconds
 ******************************************************
  
  
 ******************** TIME CONTROL ********************
 Starting compute_local_atomic_exchange_vectors
 ******************************************************
  
  
 ******************** TIME CONTROL ********************
 Finished compute_local_atomic_exchange_vectors in   0.15899999439716339      seconds
 ******************************************************
  
  
 ******************** TIME CONTROL ********************
 Starting initialize_bond_pair_matrix
 ******************************************************
  
 Initializing the bond pair matrix ...
 The total number of symmetry unique atom pairs to include in the bond pair matrix is
 num_sym_unique_bond_pairs:      3
 The bond pair matrix has been initialized.
  
 ******************** TIME CONTROL ********************
 Finished initialize_bond_pair_matrix in    3.0000000260770321E-003 seconds
 ******************************************************
  
  
 ******************** TIME CONTROL ********************
 Starting compute_summed_contact_exchange
 ******************************************************
  
  
 ******************** TIME CONTROL ********************
 Finished compute_summed_contact_exchange in    6.3000001013278961E-002 seconds
 ******************************************************
  
  
 ******************** TIME CONTROL ********************
 Starting integrate_bonding_terms
 ******************************************************
  
  
 ******************** TIME CONTROL ********************
 Finished integrate_bonding_terms in    9.3000002205371857E-002 seconds
 ******************************************************
  
  
 ******************** TIME CONTROL ********************
 Starting calculate_final_BOs
 ******************************************************
  
 Checking for consistency in the summed contact exchange
 The maximum error in the summed contact exchange is     0.000000
  
 The sum of contact exchanges for each atom are:
    1.671502
    1.004322
    1.004322
  
 The sum of BOs for each atom are:
    2.600282
    1.515480
    1.515480
  
 The final bond pair matrix is
     1     2    0.000000    0.000000    0.000000    6.000000  144.000000   32.000000  157.000000   18.000000  144.000000    0.835751    0.841945    0.840540    0.349300    0.997157    0.465714    0.464390    1.300141    1.300141
     1     3    0.000000    0.000000    0.000000    6.000000  144.000000   19.000000  144.000000   18.000000  144.000000    0.835751    0.841945    0.840540    0.349300    0.997157    0.465714    0.464390    1.300141    1.300141
     2     3    0.000000    0.000000    0.000000    6.000000  144.000000   32.000000  144.000000    6.000000  144.000000    0.168571    0.169664    0.169079    0.042074    0.999111    0.046810    0.046768    0.215339    0.215339
 The legend for the bond pair matrix follows:
 Columns 1 and 2 = atom numbers
 Columns 3 to 5 = repeata, repeatb, repeatc (i.e., periodic translation of second atom)
 Columns 6 to 11 = corners of the shared parallepiped: min na, max na, min nb, max nb, min nc, max nc
 Columns 12 =  contact exchange
 Columns 13 =  a term for computing average spin polarization of bonding
 Columns 14 =  overlap population
 Columns 15 =  the integrated second order atomic exchange propensities for computing bond order
 Columns 16 =  the coordination term constructed from tanh function
 Columns 17 =  the pairwise term
 Columns 18 =  expansion term combining coordination and pairwise terms
 Columns 19 =  bond index before imposing the atom self-exchange constraint
 Columns 20 =  final bond order
 
 The atom self-exchange constraint affected (by at least 0.1_dp*BO_print_cutoff)      0 bond orders.
 
  
 ******************** TIME CONTROL ********************
 Finished calculate_final_BOs in    6.1999998986721039E-002 seconds
 ******************************************************
  
 Bond order analysis complete.
  
 ******************** TIME CONTROL ********************
 Finished perform_BO_analysis in   0.45399999618530273      seconds
 ******************************************************
  
 The computed Rsquared moments of the atoms (in bohr^2) are: 
    10.324454    11.822736    11.822737
 The computed Rcubed moments of the atoms (in bohr^3) are: 
    19.117967    23.121959    23.121959
 The computed Rfourth moments of the atoms (in bohr^4) are: 
    43.350006    55.904008    55.904011
 Normal termination of Chargemol program.
 Copyright (c) 2014, 2015, 2016, 2017 by Thomas A. Manz and Nidia Gabaldon Limas. Rights reserved.
 Use and distribution of this program is subject to certain licensing restrictions.
 Please see ddec.sourceforge.net for details.
  
 Please cite the following journal references when using this program to compute DDEC6 charges:
 N. Gabaldon Limas and T. A. Manz,  "Introducing DDEC6 atomic population analysis: part 2. 
 Computed results for a wide range of periodic and nonperiodic materials," RSC Advances, Vol. 6 (2016) 45727-45747.
 T. A. Manz and N. Gabaldon Limas, "Introducing DDEC6 atomic population analysis: part 1.
 Charge partitioning theory and methodology," RSC Advances, Vol. 6 (2016) 47771-47801.
 If desired, you can also cite references listed below for the DDEC3 and earlier methods.
  
 Please cite the following journal references when using this program to compute DDEC, Hirshfeld, or ISA charges:
 Thomas A. Manz and David S. Sholl, "Improved Atoms-in-Molecule Charge Partitioning Functional for Simultaneously Reproducing the Electrostatic
 Potential and Chemical States in Periodic and Non-Periodic Materials", J. Chem. Theory Comput., Vol. 8 (2012) 2844-2867.
 Thomas A. Manz and David S. Sholl, "Chemically Meaningful Atomic Charges that Reproduce the Electrostatic Potential in Periodic and Nonperiodic
 Materials", J. Chem. Theory Comput., Vol. 6 (2010) 2455-2468.
  
 Please cite the following journal reference when using this program to compute atomic spin moments:
 Thomas A. Manz and David S. Sholl, "Methods for Computing Accurate Atomic Spin Moments for Collinear and Noncollinear Magnetism in Periodic and
 Nonperiodic Materials", J. Chem. Theory Comput., Vol. 7 (2011) 4146-4164.
  
 Please cite the following reference when using this program to compute bond orders:
 Thomas A. Manz, "Introducing DDEC6 atomic population analysis: part 3. Comprehensive method to compute bond orders.", RSC Advances, Vol. 7 (2017) 45552-45581.
  
 Exiting Chargemol
 2017/09/30  20:07:55
  
 ******************** TIME CONTROL ********************
 Finished chargemol in    290.50900268554688      seconds
 ******************************************************
  
