  
 ******************** TIME CONTROL ********************
 Starting Chargemol version 3.5 September 26, 2017.
 ******************************************************
  
 Starting DDEC program
 2017/10/01  14:05:42
 Copyright (c) 2014, 2015, 2016 by Thomas A. Manz and Nidia Gabaldon Limas. Rights reserved.
  
 **************** THREAD INFORMATION ******************
 Job running using OpenMP.
 The number of parallel threads is:            4
  
 ******************************************************
  
 /home/tamanz/bin/atomic_densities/                                                                                                                                                                      
 GTO basis set type is supported. Calculation will proceed.
 ncenters=     3
 norbitals=      23
 netcharge= 1.00
 nprimitives=   108
 Natural orbital occupation numbers for alpha (1st column) and beta (2nd column) electrons.
      1.0000      0.0000
      1.0000      0.0000
      1.0000      0.0000
      1.0000      0.0000
      1.0000      0.0000
      1.0000      0.0000
      1.0000      0.0000
      1.0000      0.0000
      1.0000      0.0000
      1.0000      0.0000
      1.0000      0.0000
      1.0000      0.0000
      0.0000      1.0000
      0.0000      1.0000
      0.0000      1.0000
      0.0000      1.0000
      0.0000      1.0000
      0.0000      1.0000
      0.0000      1.0000
      0.0000      1.0000
      0.0000      1.0000
      0.0000      1.0000
      0.0000      1.0000
 The total number of electrons in natural orbitals is
 included electrons=      23
 Sorting the basis set primitives:
 natoms=     3
 The number of valence electrons is consistent with the sum of orbital occupations.
  
 ******************** TIME CONTROL ********************
 Starting generate_density_grids_from_gaussian_basis_set_coefficients
 ******************************************************
  
    0.1400    0.0000    0.0000
    0.0000    0.1400    0.0000
    0.0000    0.0000    0.1400
 Initial setup of atoms using temporary origin (0,0,0)
 center_nabc =
           0           0           4
           0          15          -2
           0         -15          -2
 delta_na=     69
 delta_nb=     69
 delta_nc=     69
 Compute a better origin and number of grid points along each grid direction
 totnumA=     168
 totnumB=     192
 totnumC=     168
 The new origin is
  -10.5000  -12.6000  -10.7800
 Compute atomic positions using the better origin
 center_nabc =
          75          90          81
          75         105          75
          75          75          75
 Making sure the atomic coordinates for periodic directions are inside the reference unit cell.
 The adjusted atomic coordinates are
    0.0000   -0.0000    0.6030
    0.0000    2.1452   -0.3015
    0.0000   -2.1452   -0.3015
  
 The adjusted center_nabc is
          75          90          81
          75         105          75
          75          75          75
 nimages=       1
  
 ******************** TIME CONTROL ********************
 Finished Step 1 in    0.0000000000000000      seconds.
 ******************************************************
  
 Setup of grid points was successful.
  
 ******************** TIME CONTROL ********************
 Finished Step 2 in    2.0000000949949026E-003 seconds
 ******************************************************
  
 The number of primitive pair blocks are     566
 The total number of included primitives is:    3065
 The number of primitive products to treat analytically is:    1755
 The number of primitive products to treat numerically is:    1310
  
  
 ******************** TIME CONTROL ********************
 Finished Step 3 in    4.0000001899898052E-003 seconds
 ******************************************************
  
 The one-particle density matrix is properly normalized.
  
 ******************** TIME CONTROL ********************
 Finished Step 4 in    6.0000000521540642E-003 seconds
 ******************************************************
  
 The transformation of gaussian primitives was succesful.
  
 ******************** TIME CONTROL ********************
 Finished Step 5 in    1.7999999225139618E-002 seconds
 ******************************************************
  
  
 ******************** TIME CONTROL ********************
 Finished Step 6 in    1.7999999225139618E-002 seconds
 ******************************************************
  
  
 ******************** TIME CONTROL ********************
 Before loop    6.1000000685453415E-002 seconds
 ******************************************************
  
  
 ******************** TIME CONTROL ********************
 Before interpolation    5.7319998741149902      seconds
 ******************************************************
  
 Generation of the valence and spin density for each grid point was successful.
 The maximum pair correction was:    4.1770E-04
  
 ******************** TIME CONTROL ********************
 Finished Step 7 (loop + interpolation) in    6.0939998626708984      seconds
 ******************************************************
  
 The raw number of core electrons is:    7.2289E+00
  
 ******************** TIME CONTROL ********************
 Starting add_missing_core_density
 ******************************************************
  
 center_nabc =
          75          90          81
          75         105          75
          75          75          75
 delta_na=     69
 delta_nb=     69
 delta_nc=     69
  
 ******************** TIME CONTROL ********************
 Starting check_grid_spacing
 ******************************************************
  
 The grid spacing in your electron density input file is adequate.
  
 ******************** TIME CONTROL ********************
 Finished check_grid_spacing in    4.6000000089406967E-002 seconds
 ******************************************************
  
 Checking to see that all core electrons are accounted for:
  
 Printing atom number, atomic number, core electrons, and missing core for each atom.
 (Missing core electrons will be inserted using stored core electron reference densities.)
    1    8     2.371237    0
    2    8     2.352770    0
    3    8     2.352770    0
 Finished the check for missing core electrons.
  
 ******************** TIME CONTROL ********************
 Finished add_missing_core_density in    4.6000000089406967E-002 seconds
 ******************************************************
  
  
 ******************** TIME CONTROL ********************
 Finished Step 8 in    6.2119998931884766      seconds
 ******************************************************
  
  
 ******************** TIME CONTROL ********************
 Finished generate_density_grids_from_gaussian_basis_set_coefficients in    6.2119998931884766      seconds
 ******************************************************
  
 ncore =        7.0768
 nvalence =       15.9232
 pixelvolume =    2.7440E-03
 numerically integrated valence density =    1.5923E+01
 sum_valence_occupancy_correction =    0.0000E+00
 checkme =    8.2165E-11
 The grid spacing is adequate and all electrons are properly accounted for.
 Calculation will proceed.
 Making sure the atomic coordinates for periodic directions are inside the reference unit cell.
 The adjusted atomic coordinates are
    0.0000   -0.0000    0.6030
    0.0000    2.1452   -0.3015
    0.0000   -2.1452   -0.3015
  
 The adjusted center_nabc is
          75          90          81
          75         105          75
          75          75          75
  
 ******************** TIME CONTROL ********************
 Starting core_iterator
 ******************************************************
  
 Iteratively solving for the core charge distributions:
 Iteration=   1
 change=   2.443673E+00
 Iteration=   2
 change=   8.826062E-04
 Iteration=   3
 change=   1.125206E-04
 Iteration=   4
 change=   5.979245E-05
 Iteration=   5
 change=   2.091834E-05
 Iteration=   6
 change=   7.105012E-06
 Correcting the core density grid
 iteration=            1
 iteration=            2
 iteration=            3
 Core density grid corrected in the following number of iterations: 
 iter=            3
  
 ******************** TIME CONTROL ********************
 Finished core_iterator in    1.2929999828338623      seconds
 ******************************************************
  
  
 ******************** TIME CONTROL ********************
 Starting valence_iterator
 ******************************************************
  
 Iteratively solving for the atomic partial charge distributions:
 Reference weighting:   0.21428571428571427     
 iteration=            1
 Normalization:   1.000000003
 Net atomic charges for the current iteration: 
      0.407449      0.296276      0.296276
 Maximum change:  5.350955E+00
 Maximum density change:  1.339475E+02
 Information for noniterative Hirshfeld method will be printed now.
  
 ******************** TIME CONTROL ********************
 Starting local_multipole_moment_analysis
 ******************************************************
  
 Multipole analysis for each of the expansion sites.
 XYZ coordinates, net charges, and multipoles are in atomic units. Dipoles and quadrupoles are for valence electrons.
 center number, atomic number, x, y, z, net_charge, dipole_x, dipole_y, dipole_z, dipole_mag, Qxy, Qxz, Qyz, Q(x^2-y^2), Q(3z^2 - R^2),three eigenvalues of traceless quadrupole moment tensor
     1     8  0.000000 -0.000000  0.602989  0.407449 -0.000000  0.000000 -0.041173  0.041173  0.000000 -0.000000 -0.000000  0.355941  0.038363 -0.187772  0.016256  0.171516
     2     8  0.000000  2.145191 -0.301495  0.296276  0.000000 -0.004432 -0.019945  0.020432 -0.000000  0.000000 -0.057842  0.041456 -0.194855 -0.090128  0.036637  0.053491
     3     8  0.000000 -2.145191 -0.301495  0.296276  0.000000  0.004432 -0.019945  0.020432  0.000000  0.000000  0.057842  0.041456 -0.194855 -0.090128  0.036637  0.053491
  
 ******************** TIME CONTROL ********************
 Finished local_multipole_moment_analysis in    8.2999996840953827E-002 seconds
 ******************************************************
  
 Hirshfeld analysis finished, calculation of iterative AIM will proceed.
 iteration=            2
 Normalization:   1.000000004
 Net atomic charges for the current iteration: 
      0.437005      0.281497      0.281497
 Maximum change:  2.955617E-02
 Maximum density change:  1.914173E-02
 iteration=            3
 Normalization:   1.000000004
 Net atomic charges for the current iteration: 
      0.457104      0.271448      0.271448
 Maximum change:  2.009907E-02
 Maximum density change:  4.840476E-04
 iteration=            4
 Normalization:   1.000000004
 Net atomic charges for the current iteration: 
      0.468460      0.265770      0.265770
 Maximum change:  1.135547E-02
 Maximum density change:  1.803719E-04
Iterations to converge reshaping: 
    1
 iteration=            5
 Normalization:   1.000000004
 Net atomic charges for the current iteration: 
      0.474955      0.262522      0.262522
 Maximum change:  6.495506E-03
 Maximum density change:  8.865876E-05
Iterations to converge reshaping: 
    1
 iteration=            6
 Normalization:   1.000000004
 Net atomic charges for the current iteration: 
      0.478718      0.260641      0.260641
 Maximum change:  3.762792E-03
 Maximum density change:  4.711511E-05
Iterations to converge reshaping: 
    1
 iteration=            7
 Normalization:   1.000000004
 Net atomic charges for the current iteration: 
      0.480935      0.259532      0.259532
 Maximum change:  2.217352E-03
 Maximum density change:  2.585215E-05
Iterations to converge reshaping: 
    1
 iteration=            8
 Normalization:   1.000000004
 Net atomic charges for the current iteration: 
      0.482262      0.258869      0.258869
 Maximum change:  1.326941E-03
 Maximum density change:  1.447538E-05
Iterations to converge reshaping: 
    1
 iteration=            9
 Normalization:   1.000000003
 Net atomic charges for the current iteration: 
      0.483067      0.258467      0.258467
 Maximum change:  8.047574E-04
 Maximum density change:  8.385811E-06
Iterations to converge reshaping: 
    1
 iteration=           10
 Normalization:   1.000000004
 Net atomic charges for the current iteration: 
      0.483561      0.258220      0.258220
 Maximum change:  4.936286E-04
 Maximum density change:  5.006001E-06
Iterations to converge reshaping: 
    1
 iteration=           11
 Normalization:   1.000000004
 Net atomic charges for the current iteration: 
      0.483866      0.258067      0.258067
 Maximum change:  3.057381E-04
 Maximum density change:  3.026561E-06
Iterations to converge reshaping: 
    1
 iteration=           12
 Normalization:   1.000000004
 Net atomic charges for the current iteration: 
      0.484057      0.257971      0.257971
 Maximum change:  1.909456E-04
 Maximum density change:  1.850210E-06
Iterations to converge reshaping: 
    1
 iteration=           13
 Normalization:   1.000000004
 Net atomic charges for the current iteration: 
      0.484177      0.257911      0.257911
 Maximum change:  1.201216E-04
 Maximum density change:  1.141923E-06
Iterations to converge reshaping: 
    1
 iteration=           14
 Normalization:   1.000000003
 Net atomic charges for the current iteration: 
      0.484253      0.257873      0.257873
 Maximum change:  7.605845E-05
 Maximum density change:  7.106099E-07
Iterations to converge reshaping: 
    1
 iteration=           15
 Normalization:   1.000000004
 Net atomic charges for the current iteration: 
      0.484302      0.257849      0.257849
 Maximum change:  4.842694E-05
 Maximum density change:  4.454007E-07
Iterations to converge reshaping: 
    1
 iteration=           16
 Normalization:   1.000000003
 Net atomic charges for the current iteration: 
      0.484333      0.257834      0.257834
 Maximum change:  3.100277E-05
 Maximum density change:  2.809589E-07
Iterations to converge reshaping: 
    1
 iteration=           17
 Normalization:   1.000000004
 Net atomic charges for the current iteration: 
      0.484353      0.257824      0.257824
 Maximum change:  1.993240E-05
 Maximum density change:  1.782381E-07
Iterations to converge reshaping: 
    1
 iteration=           18
 Normalization:   1.000000004
 Net atomic charges for the current iteration: 
      0.484366      0.257817      0.257817
 Maximum change:  1.287818E-05
 Maximum density change:  1.136647E-07
Iterations to converge reshaping: 
    1
 iteration=           19
 Normalization:   1.000000004
 Net atomic charges for the current iteration: 
      0.484374      0.257813      0.257813
 Maximum change:  8.349885E-06
 Maximum density change:  7.282365E-08
Iterations to converge reshaping: 
    1
 iteration=           20
 Normalization:   1.000000004
 Net atomic charges for the current iteration: 
      0.484379      0.257810      0.257810
 Maximum change:  5.434817E-06
 Maximum density change:  4.686547E-08
Iterations to converge reshaping: 
    1
 iteration=           21
 Normalization:   1.000000004
 Net atomic charges for the current iteration: 
      0.484383      0.257808      0.257808
 Maximum change:  3.549578E-06
 Maximum density change:  3.028066E-08
Iterations to converge reshaping: 
    1
 iteration=           22
 Normalization:   1.000000004
 Net atomic charges for the current iteration: 
      0.484385      0.257807      0.257807
 Maximum change:  2.325751E-06
 Maximum density change:  1.963893E-08
  
 ******************** TIME CONTROL ********************
 Finished valence_iterator in    3.9609999656677246      seconds
 ******************************************************
  
  
 ******************** TIME CONTROL ********************
 Starting local_multipole_moment_analysis
 ******************************************************
  
 Multipole analysis for each of the expansion sites.
 XYZ coordinates, net charges, and multipoles are in atomic units. Dipoles and quadrupoles are for valence electrons.
 center number, atomic number, x, y, z, net_charge, dipole_x, dipole_y, dipole_z, dipole_mag, Qxy, Qxz, Qyz, Q(x^2-y^2), Q(3z^2 - R^2),three eigenvalues of traceless quadrupole moment tensor
     1     8  0.000000 -0.000000  0.602989  0.484385 -0.000000  0.000000 -0.130069  0.130069  0.000000 -0.000000 -0.000000  0.032634 -0.172339 -0.053978  0.008999  0.044980
     2     8  0.000000  2.145191 -0.301495  0.257807  0.000000 -0.031004 -0.010291  0.032667 -0.000000  0.000000 -0.098784 -0.087919 -0.282662 -0.131118  0.003438  0.127680
     3     8  0.000000 -2.145191 -0.301495  0.257807  0.000000  0.031004 -0.010291  0.032667  0.000000  0.000000  0.098784 -0.087919 -0.282662 -0.131118  0.003438  0.127680
  
 ******************** TIME CONTROL ********************
 Finished local_multipole_moment_analysis in    8.2999996840953827E-002 seconds
 ******************************************************
  
 center_of_mass:   0.000000 -0.000000 -0.000000
  
 Since the system is nonperiodic, total multipole moment analysis will be performed.
 Total multipole moments are computed using the center of mass as the origin.
 Dipole and quadrupole moments using the net atomic charges.
 This corresponds to truncatating the distributed multipole expansion at monopole order.
 partial_charge_dipole_x=      0.000000
 partial_charge_dipole_y=      0.000000
 partial_charge_dipole_z=      0.136624
 partial_charge_dipole_magnitude     0.136624
 partial_charge_quadrupole_xy=      0.000000
 partial_charge_quadrupole_xz=      0.000000
 partial_charge_quadrupole_yz=     -0.000000
 partial_charge_quadrupole_x2minusy2=     -2.372778
 partial_charge_quadrupole_3z2minusr2=     -1.926798
 Dipole and quadrupole moments using the net atomic charges and the atomic dipoles.
 This corresponds to truncatating the distributed multipole expansion at dipole order.
 dipole_x=     -0.000000
 dipole_y=      0.000000
 dipole_z =     -0.014026
 dipole_magnitude=      0.014026
 quadrupole_xy=     -0.000000
 quadrupole_xz=     -0.000000
 quadrupole_yz=     -0.000000
 quadrupole_x2minusy2=     -2.106743
 quadrupole_3z2minusr2 =     -1.949665
 Dipole and quadrupole moments using the net atomic charges, atomic dipoles, and atomic quadrupoles.
 This corresponds to truncatating the distributed multipole expansion at quadrupole order.
 dipole_x=     -0.000000
 dipole_y=      0.000000
 dipole_z=     -0.014026
 dipole_magnitude=    1.4026499009413856E-002
 full_quadrupole_xy=     -0.000000
 full_quadrupole_xz=     -0.000000
 full_quadrupole_yz=     -0.000000
 full_quadrupole_x2minusy2=     -2.249946
 full_quadrupole_3z2minusr2 =     -2.687327
 Calculation of the electron cloud penetration terms
  
 ******************** TIME CONTROL ********************
 Starting collinear_spin_moments_iterator
 ******************************************************
  
 Iteratively solving for the atomic spin distributions:
 iteration:            1
 spin_population:   0.21183934409689120       0.39408032576177154       0.39408032497232476     
 tot_spin_moment:   0.99999999483098745     
 max_change:   0.39408032576177154     
  
 iteration:            2
 spin_population:   0.20389089312761716       0.39805313247513952       0.39805313162664846     
 tot_spin_moment:   0.99999715722940508     
 max_change:    7.9484509692740457E-003
  
 iteration:            3
 spin_population:   0.20220553809356306       0.39889742479107648       0.39889742402128575     
 tot_spin_moment:    1.0000003869059253     
 max_change:    1.6853550340540924E-003
  
 iteration:            4
 spin_population:   0.20176752252294258       0.39911600023351612       0.39911599943660397     
 tot_spin_moment:   0.99999952219306265     
 max_change:    4.3801557062048135E-004
  
 iteration:            5
 spin_population:   0.20164403506405451       0.39917803941489027       0.39917803862930917     
 tot_spin_moment:    1.0000001131082539     
 max_change:    1.2348745888807189E-004
  
 iteration:            6
 spin_population:   0.20160704461764245       0.39919641585922438       0.39919641506794790     
 tot_spin_moment:   0.99999987554481473     
 max_change:    3.6990446412060729E-005
  
 iteration:            7
 spin_population:   0.20159558031860697       0.39920221219418206       0.39920221140562001     
 tot_spin_moment:    1.0000000039184089     
 max_change:    1.1464299035479630E-005
  
 Final spin populations:   0.20159558031860697       0.39920221219418206       0.39920221140562001     
 The total spin moment of the unit cell is:    1.0000000039184089     
  
  
 ******************** TIME CONTROL ********************
 Finished collinear_spin_moments_iterator in    106.08799743652344      seconds
 ******************************************************
  
  
 ******************** TIME CONTROL ********************
 Starting perform_BO_analysis
 ******************************************************
  
 Starting Effective Bond Order (BO) Analysis
  
 ******************** TIME CONTROL ********************
 Starting prepare_BO_density_grids
 ******************************************************
  
 Preparing density grids for bond order analysis ...
 Total density grid corrected in the following number of iterations:     1
 The total integrated number of electrons is       23.000000
 Grid preparation complete.
  
 ******************** TIME CONTROL ********************
 Finished prepare_BO_density_grids in    7.5000002980232239E-002 seconds
 ******************************************************
  
  
 ******************** TIME CONTROL ********************
 Starting compute_local_atomic_exchange_vectors
 ******************************************************
  
  
 ******************** TIME CONTROL ********************
 Finished compute_local_atomic_exchange_vectors in   0.15999999642372131      seconds
 ******************************************************
  
  
 ******************** TIME CONTROL ********************
 Starting initialize_bond_pair_matrix
 ******************************************************
  
 Initializing the bond pair matrix ...
 The total number of symmetry unique atom pairs to include in the bond pair matrix is
 num_sym_unique_bond_pairs:      3
 The bond pair matrix has been initialized.
  
 ******************** TIME CONTROL ********************
 Finished initialize_bond_pair_matrix in    3.0000000260770321E-003 seconds
 ******************************************************
  
  
 ******************** TIME CONTROL ********************
 Starting compute_summed_contact_exchange
 ******************************************************
  
  
 ******************** TIME CONTROL ********************
 Finished compute_summed_contact_exchange in    6.4000003039836884E-002 seconds
 ******************************************************
  
  
 ******************** TIME CONTROL ********************
 Starting integrate_bonding_terms
 ******************************************************
  
  
 ******************** TIME CONTROL ********************
 Finished integrate_bonding_terms in    9.2000000178813934E-002 seconds
 ******************************************************
  
  
 ******************** TIME CONTROL ********************
 Starting calculate_final_BOs
 ******************************************************
  
 Checking for consistency in the summed contact exchange
 The maximum error in the summed contact exchange is     0.000000
  
 The sum of contact exchanges for each atom are:
    1.788679
    0.921885
    0.921885
  
 The sum of BOs for each atom are:
    2.860340
    1.459901
    1.459901
  
 The final bond pair matrix is
     1     2    0.000000    0.000000    0.000000    6.000000  144.000000   36.000000  159.000000   12.000000  144.000000    0.894339    0.896491    0.898383    0.403417    0.998335    0.536724    0.535831    1.430170    1.430170
     1     3    0.000000    0.000000    0.000000    6.000000  144.000000   21.000000  144.000000   12.000000  144.000000    0.894339    0.896491    0.898383    0.403417    0.998335    0.536724    0.535831    1.430170    1.430170
     2     3    0.000000    0.000000    0.000000    6.000000  144.000000   36.000000  144.000000    6.000000  144.000000    0.027545    0.027622    0.027850    0.002059    0.999978    0.002186    0.002186    0.029731    0.029731
 The legend for the bond pair matrix follows:
 Columns 1 and 2 = atom numbers
 Columns 3 to 5 = repeata, repeatb, repeatc (i.e., periodic translation of second atom)
 Columns 6 to 11 = corners of the shared parallepiped: min na, max na, min nb, max nb, min nc, max nc
 Columns 12 =  contact exchange
 Columns 13 =  a term for computing average spin polarization of bonding
 Columns 14 =  overlap population
 Columns 15 =  the integrated second order atomic exchange propensities for computing bond order
 Columns 16 =  the coordination term constructed from tanh function
 Columns 17 =  the pairwise term
 Columns 18 =  expansion term combining coordination and pairwise terms
 Columns 19 =  bond index before imposing the atom self-exchange constraint
 Columns 20 =  final bond order
 
 The atom self-exchange constraint affected (by at least 0.1_dp*BO_print_cutoff)      0 bond orders.
 
  
 ******************** TIME CONTROL ********************
 Finished calculate_final_BOs in    4.3999999761581421E-002 seconds
 ******************************************************
  
 Bond order analysis complete.
  
 ******************** TIME CONTROL ********************
 Finished perform_BO_analysis in   0.43999999761581421      seconds
 ******************************************************
  
 The computed Rsquared moments of the atoms (in bohr^2) are: 
     9.119499     9.783447     9.783447
 The computed Rcubed moments of the atoms (in bohr^3) are: 
    15.973243    17.217968    17.217973
 The computed Rfourth moments of the atoms (in bohr^4) are: 
    33.815830    36.191787    36.191827
 Normal termination of Chargemol program.
 Copyright (c) 2014, 2015, 2016, 2017 by Thomas A. Manz and Nidia Gabaldon Limas. Rights reserved.
 Use and distribution of this program is subject to certain licensing restrictions.
 Please see ddec.sourceforge.net for details.
  
 Please cite the following journal references when using this program to compute DDEC6 charges:
 N. Gabaldon Limas and T. A. Manz,  "Introducing DDEC6 atomic population analysis: part 2. 
 Computed results for a wide range of periodic and nonperiodic materials," RSC Advances, Vol. 6 (2016) 45727-45747.
 T. A. Manz and N. Gabaldon Limas, "Introducing DDEC6 atomic population analysis: part 1.
 Charge partitioning theory and methodology," RSC Advances, Vol. 6 (2016) 47771-47801.
 If desired, you can also cite references listed below for the DDEC3 and earlier methods.
  
 Please cite the following journal references when using this program to compute DDEC, Hirshfeld, or ISA charges:
 Thomas A. Manz and David S. Sholl, "Improved Atoms-in-Molecule Charge Partitioning Functional for Simultaneously Reproducing the Electrostatic
 Potential and Chemical States in Periodic and Non-Periodic Materials", J. Chem. Theory Comput., Vol. 8 (2012) 2844-2867.
 Thomas A. Manz and David S. Sholl, "Chemically Meaningful Atomic Charges that Reproduce the Electrostatic Potential in Periodic and Nonperiodic
 Materials", J. Chem. Theory Comput., Vol. 6 (2010) 2455-2468.
  
 Please cite the following journal reference when using this program to compute atomic spin moments:
 Thomas A. Manz and David S. Sholl, "Methods for Computing Accurate Atomic Spin Moments for Collinear and Noncollinear Magnetism in Periodic and
 Nonperiodic Materials", J. Chem. Theory Comput., Vol. 7 (2011) 4146-4164.
  
 Please cite the following reference when using this program to compute bond orders:
 Thomas A. Manz, "Introducing DDEC6 atomic population analysis: part 3. Comprehensive method to compute bond orders.", RSC Advances, Vol. 7 (2017) 45552-45581.
  
 Exiting Chargemol
 2017/10/01  14:10:22
  
 ******************** TIME CONTROL ********************
 Finished chargemol in    280.43701171875000      seconds
 ******************************************************
  
