  
 ******************** TIME CONTROL ********************
 Starting Chargemol version 3.5 September 26, 2017.
 ******************************************************
  
 Starting DDEC program
 2017/09/30  19:27:37
 Copyright (c) 2014, 2015, 2016 by Thomas A. Manz and Nidia Gabaldon Limas. Rights reserved.
  
 **************** THREAD INFORMATION ******************
 Job running using OpenMP.
 The number of parallel threads is:            4
  
 ******************************************************
  
 /home/tamanz/bin/atomic_densities/                                                                                                                                                                      
 GTO basis set type is supported. Calculation will proceed.
 ncenters=     3
 norbitals=      12
 netcharge= 0.00
 nprimitives=   108
 Natural orbital occupation numbers for alpha (1st column) and beta (2nd column) electrons.
      1.0000      1.0000
      1.0000      1.0000
      1.0000      1.0000
      1.0000      1.0000
      1.0000      1.0000
      1.0000      1.0000
      1.0000      1.0000
      1.0000      1.0000
      1.0000      1.0000
      1.0000      1.0000
      1.0000      1.0000
      1.0000      1.0000
 The total number of electrons in natural orbitals is
 included electrons=      24
 Sorting the basis set primitives:
 natoms=     3
 The number of valence electrons is consistent with the sum of orbital occupations.
  
 ******************** TIME CONTROL ********************
 Starting generate_density_grids_from_gaussian_basis_set_coefficients
 ******************************************************
  
    0.1400    0.0000    0.0000
    0.0000    0.1400    0.0000
    0.0000    0.0000    0.1400
 Initial setup of atoms using temporary origin (0,0,0)
 center_nabc =
           0           0           6
           0          15          -3
           0         -15          -3
 delta_na=     69
 delta_nb=     69
 delta_nc=     69
 Compute a better origin and number of grid points along each grid direction
 totnumA=     168
 totnumB=     192
 totnumC=     168
 The new origin is
  -10.5000  -12.6000  -10.9200
 Compute atomic positions using the better origin
 center_nabc =
          75          90          84
          75         105          75
          75          75          75
 Making sure the atomic coordinates for periodic directions are inside the reference unit cell.
 The adjusted atomic coordinates are
    0.0000   -0.0000    0.8227
    0.0000    2.0715   -0.4114
    0.0000   -2.0715   -0.4114
  
 The adjusted center_nabc is
          75          90          84
          75         105          75
          75          75          75
 nimages=       1
  
 ******************** TIME CONTROL ********************
 Finished Step 1 in    0.0000000000000000      seconds.
 ******************************************************
  
 Setup of grid points was successful.
  
 ******************** TIME CONTROL ********************
 Finished Step 2 in    1.0000000474974513E-003 seconds
 ******************************************************
  
 The number of primitive pair blocks are     560
 The total number of included primitives is:    3050
 The number of primitive products to treat analytically is:    1740
 The number of primitive products to treat numerically is:    1310
  
  
 ******************** TIME CONTROL ********************
 Finished Step 3 in    3.0000000260770321E-003 seconds
 ******************************************************
  
 The one-particle density matrix is properly normalized.
  
 ******************** TIME CONTROL ********************
 Finished Step 4 in    4.9999998882412910E-003 seconds
 ******************************************************
  
 The transformation of gaussian primitives was succesful.
  
 ******************** TIME CONTROL ********************
 Finished Step 5 in    1.7000000923871994E-002 seconds
 ******************************************************
  
  
 ******************** TIME CONTROL ********************
 Finished Step 6 in    1.7000000923871994E-002 seconds
 ******************************************************
  
  
 ******************** TIME CONTROL ********************
 Before loop    4.3999999761581421E-002 seconds
 ******************************************************
  
  
 ******************** TIME CONTROL ********************
 Before interpolation    5.1550002098083496      seconds
 ******************************************************
  
 Generation of the valence and spin density for each grid point was successful.
 The maximum pair correction was:    1.5593E-04
  
 ******************** TIME CONTROL ********************
 Finished Step 7 (loop + interpolation) in    5.4140000343322754      seconds
 ******************************************************
  
 The raw number of core electrons is:    7.6610E+00
  
 ******************** TIME CONTROL ********************
 Starting add_missing_core_density
 ******************************************************
  
 center_nabc =
          75          90          84
          75         105          75
          75          75          75
 delta_na=     69
 delta_nb=     69
 delta_nc=     69
  
 ******************** TIME CONTROL ********************
 Starting check_grid_spacing
 ******************************************************
  
 The grid spacing in your electron density input file is adequate.
  
 ******************** TIME CONTROL ********************
 Finished check_grid_spacing in    4.5000001788139343E-002 seconds
 ******************************************************
  
 Checking to see that all core electrons are accounted for:
  
 Printing atom number, atomic number, core electrons, and missing core for each atom.
 (Missing core electrons will be inserted using stored core electron reference densities.)
    1    8     2.361622    0
    2    8     2.373791    0
    3    8     2.373791    0
 Finished the check for missing core electrons.
  
 ******************** TIME CONTROL ********************
 Finished add_missing_core_density in    4.5000001788139343E-002 seconds
 ******************************************************
  
  
 ******************** TIME CONTROL ********************
 Finished Step 8 in    5.5359997749328613      seconds
 ******************************************************
  
  
 ******************** TIME CONTROL ********************
 Finished generate_density_grids_from_gaussian_basis_set_coefficients in    5.5359997749328613      seconds
 ******************************************************
  
 ncore =        7.1092
 nvalence =       16.8908
 pixelvolume =    2.7440E-03
 numerically integrated valence density =    1.6891E+01
 sum_valence_occupancy_correction =    0.0000E+00
 checkme =    6.7413E-11
 The grid spacing is adequate and all electrons are properly accounted for.
 Calculation will proceed.
 Making sure the atomic coordinates for periodic directions are inside the reference unit cell.
 The adjusted atomic coordinates are
    0.0000   -0.0000    0.8227
    0.0000    2.0715   -0.4114
    0.0000   -2.0715   -0.4114
  
 The adjusted center_nabc is
          75          90          84
          75         105          75
          75          75          75
  
 ******************** TIME CONTROL ********************
 Starting core_iterator
 ******************************************************
  
 Iteratively solving for the core charge distributions:
 Iteration=   1
 change=   2.613299E+00
 Iteration=   2
 change=   1.453993E-04
 Iteration=   3
 change=   1.157799E-04
 Iteration=   4
 change=   4.460821E-05
 Iteration=   5
 change=   1.375280E-05
 Iteration=   6
 change=   4.313108E-06
 Correcting the core density grid
 iteration=            1
 iteration=            2
 iteration=            3
 iteration=            4
 Core density grid corrected in the following number of iterations: 
 iter=            4
  
 ******************** TIME CONTROL ********************
 Finished core_iterator in    1.4620000123977661      seconds
 ******************************************************
  
  
 ******************** TIME CONTROL ********************
 Starting valence_iterator
 ******************************************************
  
 Iteratively solving for the atomic partial charge distributions:
 Reference weighting:   0.21428571428571427     
 iteration=            1
 Normalization:   1.000000015
 Net atomic charges for the current iteration: 
      0.190038     -0.095019     -0.095019
 Maximum change:  5.721228E+00
 Maximum density change:  1.482423E+02
 Information for noniterative Hirshfeld method will be printed now.
  
 ******************** TIME CONTROL ********************
 Starting local_multipole_moment_analysis
 ******************************************************
  
 Multipole analysis for each of the expansion sites.
 XYZ coordinates, net charges, and multipoles are in atomic units. Dipoles and quadrupoles are for valence electrons.
 center number, atomic number, x, y, z, net_charge, dipole_x, dipole_y, dipole_z, dipole_mag, Qxy, Qxz, Qyz, Q(x^2-y^2), Q(3z^2 - R^2),three eigenvalues of traceless quadrupole moment tensor
     1     8  0.000000 -0.000000  0.822705  0.190038  0.000000 -0.000000 -0.130077  0.130077  0.000000 -0.000000  0.000000  0.248220 -0.316422 -0.101338 -0.074929  0.176267
     2     8  0.000000  2.071503 -0.411352 -0.095019 -0.000000 -0.123711  0.074060  0.144185  0.000000 -0.000000 -0.221688  0.036999 -0.681551 -0.331322  0.130029  0.201293
     3     8  0.000000 -2.071503 -0.411352 -0.095019 -0.000000  0.123711  0.074060  0.144185 -0.000000 -0.000000  0.221688  0.036999 -0.681551 -0.331322  0.130029  0.201293
  
 ******************** TIME CONTROL ********************
 Finished local_multipole_moment_analysis in    8.2000002264976501E-002 seconds
 ******************************************************
  
 Hirshfeld analysis finished, calculation of iterative AIM will proceed.
 iteration=            2
 Normalization:   1.000000015
 Net atomic charges for the current iteration: 
      0.264274     -0.132137     -0.132137
 Maximum change:  7.423531E-02
 Maximum density change:  1.467500E-02
 iteration=            3
 Normalization:   1.000000015
 Net atomic charges for the current iteration: 
      0.304219     -0.152110     -0.152110
 Maximum change:  3.994575E-02
 Maximum density change:  7.292803E-04
 iteration=            4
 Normalization:   1.000000015
 Net atomic charges for the current iteration: 
      0.326000     -0.163000     -0.163000
 Maximum change:  2.178107E-02
 Maximum density change:  3.094840E-04
Iterations to converge reshaping: 
    1
 iteration=            5
 Normalization:   1.000000015
 Net atomic charges for the current iteration: 
      0.338443     -0.169221     -0.169221
 Maximum change:  1.244246E-02
 Maximum density change:  1.465363E-04
Iterations to converge reshaping: 
    1
 iteration=            6
 Normalization:   1.000000015
 Net atomic charges for the current iteration: 
      0.345762     -0.172881     -0.172881
 Maximum change:  7.319256E-03
 Maximum density change:  7.519548E-05
Iterations to converge reshaping: 
    1
 iteration=            7
 Normalization:   1.000000015
 Net atomic charges for the current iteration: 
      0.350169     -0.175085     -0.175085
 Maximum change:  4.407457E-03
 Maximum density change:  4.151833E-05
Iterations to converge reshaping: 
    1
 iteration=            8
 Normalization:   1.000000015
 Net atomic charges for the current iteration: 
      0.352872     -0.176436     -0.176436
 Maximum change:  2.702254E-03
 Maximum density change:  2.429199E-05
Iterations to converge reshaping: 
    1
 iteration=            9
 Normalization:   1.000000015
 Net atomic charges for the current iteration: 
      0.354552     -0.177276     -0.177276
 Maximum change:  1.680584E-03
 Maximum density change:  1.455055E-05
Iterations to converge reshaping: 
    1
 iteration=           10
 Normalization:   1.000000015
 Net atomic charges for the current iteration: 
      0.355610     -0.177805     -0.177805
 Maximum change:  1.057330E-03
 Maximum density change:  8.874436E-06
Iterations to converge reshaping: 
    1
 iteration=           11
 Normalization:   1.000000015
 Net atomic charges for the current iteration: 
      0.356281     -0.178141     -0.178141
 Maximum change:  6.716108E-04
 Maximum density change:  5.489879E-06
Iterations to converge reshaping: 
    1
 iteration=           12
 Normalization:   1.000000015
 Net atomic charges for the current iteration: 
      0.356711     -0.178356     -0.178356
 Maximum change:  4.300744E-04
 Maximum density change:  3.435134E-06
Iterations to converge reshaping: 
    1
 iteration=           13
 Normalization:   1.000000015
 Net atomic charges for the current iteration: 
      0.356989     -0.178494     -0.178494
 Maximum change:  2.773355E-04
 Maximum density change:  2.169807E-06
Iterations to converge reshaping: 
    1
 iteration=           14
 Normalization:   1.000000015
 Net atomic charges for the current iteration: 
      0.357169     -0.178584     -0.178584
 Maximum change:  1.799407E-04
 Maximum density change:  1.381550E-06
Iterations to converge reshaping: 
    1
 iteration=           15
 Normalization:   1.000000015
 Net atomic charges for the current iteration: 
      0.357286     -0.178643     -0.178643
 Maximum change:  1.173866E-04
 Maximum density change:  8.857519E-07
Iterations to converge reshaping: 
    1
 iteration=           16
 Normalization:   1.000000015
 Net atomic charges for the current iteration: 
      0.357363     -0.178681     -0.178681
 Maximum change:  7.695424E-05
 Maximum density change:  5.713481E-07
Iterations to converge reshaping: 
    1
 iteration=           17
 Normalization:   1.000000015
 Net atomic charges for the current iteration: 
      0.357414     -0.178707     -0.178707
 Maximum change:  5.067247E-05
 Maximum density change:  3.705552E-07
Iterations to converge reshaping: 
    1
 iteration=           18
 Normalization:   1.000000015
 Net atomic charges for the current iteration: 
      0.357447     -0.178724     -0.178724
 Maximum change:  3.350184E-05
 Maximum density change:  2.415147E-07
Iterations to converge reshaping: 
    1
 iteration=           19
 Normalization:   1.000000015
 Net atomic charges for the current iteration: 
      0.357469     -0.178735     -0.178735
 Maximum change:  2.223195E-05
 Maximum density change:  1.581202E-07
Iterations to converge reshaping: 
    1
 iteration=           20
 Normalization:   1.000000015
 Net atomic charges for the current iteration: 
      0.357484     -0.178742     -0.178742
 Maximum change:  1.480377E-05
 Maximum density change:  1.039506E-07
Iterations to converge reshaping: 
    1
 iteration=           21
 Normalization:   1.000000015
 Net atomic charges for the current iteration: 
      0.357494     -0.178747     -0.178747
 Maximum change:  9.888755E-06
 Maximum density change:  6.860054E-08
Iterations to converge reshaping: 
    1
 iteration=           22
 Normalization:   1.000000015
 Net atomic charges for the current iteration: 
      0.357501     -0.178750     -0.178750
 Maximum change:  6.624993E-06
 Maximum density change:  4.543288E-08
Iterations to converge reshaping: 
    1
 iteration=           23
 Normalization:   1.000000015
 Net atomic charges for the current iteration: 
      0.357505     -0.178753     -0.178753
 Maximum change:  4.450555E-06
 Maximum density change:  3.018905E-08
Iterations to converge reshaping: 
    1
 iteration=           24
 Normalization:   1.000000015
 Net atomic charges for the current iteration: 
      0.357508     -0.178754     -0.178754
 Maximum change:  2.997411E-06
 Maximum density change:  2.012195E-08
  
 ******************** TIME CONTROL ********************
 Finished valence_iterator in    4.3670001029968262      seconds
 ******************************************************
  
  
 ******************** TIME CONTROL ********************
 Starting local_multipole_moment_analysis
 ******************************************************
  
 Multipole analysis for each of the expansion sites.
 XYZ coordinates, net charges, and multipoles are in atomic units. Dipoles and quadrupoles are for valence electrons.
 center number, atomic number, x, y, z, net_charge, dipole_x, dipole_y, dipole_z, dipole_mag, Qxy, Qxz, Qyz, Q(x^2-y^2), Q(3z^2 - R^2),three eigenvalues of traceless quadrupole moment tensor
     1     8  0.000000 -0.000000  0.822705  0.357508  0.000000 -0.000000 -0.240883  0.240883  0.000000 -0.000000  0.000000  0.033001 -0.416270 -0.134621  0.049322  0.085299
     2     8  0.000000  2.071503 -0.411352 -0.178754 -0.000000 -0.067764  0.026130  0.072627  0.000000 -0.000000 -0.205077  0.017082 -0.740709 -0.330725  0.129930  0.200795
     3     8  0.000000 -2.071503 -0.411352 -0.178754 -0.000000  0.067764  0.026130  0.072627 -0.000000 -0.000000  0.205077  0.017082 -0.740709 -0.330725  0.129930  0.200795
  
 ******************** TIME CONTROL ********************
 Finished local_multipole_moment_analysis in    8.2000002264976501E-002 seconds
 ******************************************************
  
 center_of_mass:   0.000000 -0.000000  0.000000
  
 Since the system is nonperiodic, total multipole moment analysis will be performed.
 Total multipole moments are computed using the center of mass as the origin.
 Dipole and quadrupole moments using the net atomic charges.
 This corresponds to truncatating the distributed multipole expansion at monopole order.
 partial_charge_dipole_x=      0.000000
 partial_charge_dipole_y=      0.000000
 partial_charge_dipole_z=      0.441186
 partial_charge_dipole_magnitude     0.441186
 partial_charge_quadrupole_xy=      0.000000
 partial_charge_quadrupole_xz=      0.000000
 partial_charge_quadrupole_yz=     -0.000000
 partial_charge_quadrupole_x2minusy2=      1.534112
 partial_charge_quadrupole_3z2minusr2=      1.897078
 Dipole and quadrupole moments using the net atomic charges and the atomic dipoles.
 This corresponds to truncatating the distributed multipole expansion at dipole order.
 dipole_x=     -0.000000
 dipole_y=     -0.000000
 dipole_z =      0.252562
 dipole_magnitude=      0.252562
 quadrupole_xy=     -0.000000
 quadrupole_xz=      0.000000
 quadrupole_yz=     -0.000000
 quadrupole_x2minusy2=      2.095602
 quadrupole_3z2minusr2 =      1.579875
 Dipole and quadrupole moments using the net atomic charges, atomic dipoles, and atomic quadrupoles.
 This corresponds to truncatating the distributed multipole expansion at quadrupole order.
 dipole_x=     -0.000000
 dipole_y=     -0.000000
 dipole_z=      0.252562
 dipole_magnitude=   0.25256222601882089     
 full_quadrupole_xy=      0.000000
 full_quadrupole_xz=      0.000000
 full_quadrupole_yz=      0.000000
 full_quadrupole_x2minusy2=      2.162768
 full_quadrupole_3z2minusr2 =     -0.317813
 Calculation of the electron cloud penetration terms
  
 ******************** TIME CONTROL ********************
 Starting perform_BO_analysis
 ******************************************************
  
 Starting Effective Bond Order (BO) Analysis
  
 ******************** TIME CONTROL ********************
 Starting prepare_BO_density_grids
 ******************************************************
  
 Preparing density grids for bond order analysis ...
 Total density grid corrected in the following number of iterations:     1
 The total integrated number of electrons is       24.000000
 Grid preparation complete.
  
 ******************** TIME CONTROL ********************
 Finished prepare_BO_density_grids in    7.5000002980232239E-002 seconds
 ******************************************************
  
  
 ******************** TIME CONTROL ********************
 Starting compute_local_atomic_exchange_vectors
 ******************************************************
  
  
 ******************** TIME CONTROL ********************
 Finished compute_local_atomic_exchange_vectors in   0.13699999451637268      seconds
 ******************************************************
  
  
 ******************** TIME CONTROL ********************
 Starting initialize_bond_pair_matrix
 ******************************************************
  
 Initializing the bond pair matrix ...
 The total number of symmetry unique atom pairs to include in the bond pair matrix is
 num_sym_unique_bond_pairs:      3
 The bond pair matrix has been initialized.
  
 ******************** TIME CONTROL ********************
 Finished initialize_bond_pair_matrix in    3.0000000260770321E-003 seconds
 ******************************************************
  
  
 ******************** TIME CONTROL ********************
 Starting compute_summed_contact_exchange
 ******************************************************
  
  
 ******************** TIME CONTROL ********************
 Finished compute_summed_contact_exchange in    5.7000000029802322E-002 seconds
 ******************************************************
  
  
 ******************** TIME CONTROL ********************
 Starting integrate_bonding_terms
 ******************************************************
  
  
 ******************** TIME CONTROL ********************
 Finished integrate_bonding_terms in    8.6999997496604919E-002 seconds
 ******************************************************
  
  
 ******************** TIME CONTROL ********************
 Starting calculate_final_BOs
 ******************************************************
  
 Checking for consistency in the summed contact exchange
 The maximum error in the summed contact exchange is     0.000000
  
 The sum of contact exchanges for each atom are:
    1.829794
    0.999986
    0.999986
  
 The sum of BOs for each atom are:
    2.889536
    1.545279
    1.545279
  
 The final bond pair matrix is
     1     2    0.000000    0.000000    0.000000    6.000000  144.000000   36.000000  159.000000   15.000000  144.000000    0.914897    0.914897    0.917217    0.391466    0.997928    0.530972    0.529871    1.444768    1.444768
     1     3    0.000000    0.000000    0.000000    6.000000  144.000000   21.000000  144.000000   15.000000  144.000000    0.914897    0.914897    0.917217    0.391466    0.997928    0.530972    0.529871    1.444768    1.444768
     2     3    0.000000    0.000000    0.000000    6.000000  144.000000   36.000000  144.000000    6.000000  144.000000    0.085089    0.085089    0.085387    0.014218    0.999799    0.015425    0.015422    0.100511    0.100511
 The legend for the bond pair matrix follows:
 Columns 1 and 2 = atom numbers
 Columns 3 to 5 = repeata, repeatb, repeatc (i.e., periodic translation of second atom)
 Columns 6 to 11 = corners of the shared parallepiped: min na, max na, min nb, max nb, min nc, max nc
 Columns 12 =  contact exchange
 Columns 13 =  a term for computing average spin polarization of bonding
 Columns 14 =  overlap population
 Columns 15 =  the integrated second order atomic exchange propensities for computing bond order
 Columns 16 =  the coordination term constructed from tanh function
 Columns 17 =  the pairwise term
 Columns 18 =  expansion term combining coordination and pairwise terms
 Columns 19 =  bond index before imposing the atom self-exchange constraint
 Columns 20 =  final bond order
 
 The atom self-exchange constraint affected (by at least 0.1_dp*BO_print_cutoff)      0 bond orders.
 
  
 ******************** TIME CONTROL ********************
 Finished calculate_final_BOs in    7.0000002160668373E-003 seconds
 ******************************************************
  
 Bond order analysis complete.
  
 ******************** TIME CONTROL ********************
 Finished perform_BO_analysis in   0.36700001358985901      seconds
 ******************************************************
  
 The computed Rsquared moments of the atoms (in bohr^2) are: 
     9.916799    11.999154    11.999154
 The computed Rcubed moments of the atoms (in bohr^3) are: 
    18.288489    23.522647    23.522647
 The computed Rfourth moments of the atoms (in bohr^4) are: 
    41.272157    56.516840    56.516841
 Normal termination of Chargemol program.
 Copyright (c) 2014, 2015, 2016, 2017 by Thomas A. Manz and Nidia Gabaldon Limas. Rights reserved.
 Use and distribution of this program is subject to certain licensing restrictions.
 Please see ddec.sourceforge.net for details.
  
 Please cite the following journal references when using this program to compute DDEC6 charges:
 N. Gabaldon Limas and T. A. Manz,  "Introducing DDEC6 atomic population analysis: part 2. 
 Computed results for a wide range of periodic and nonperiodic materials," RSC Advances, Vol. 6 (2016) 45727-45747.
 T. A. Manz and N. Gabaldon Limas, "Introducing DDEC6 atomic population analysis: part 1.
 Charge partitioning theory and methodology," RSC Advances, Vol. 6 (2016) 47771-47801.
 If desired, you can also cite references listed below for the DDEC3 and earlier methods.
  
 Please cite the following journal references when using this program to compute DDEC, Hirshfeld, or ISA charges:
 Thomas A. Manz and David S. Sholl, "Improved Atoms-in-Molecule Charge Partitioning Functional for Simultaneously Reproducing the Electrostatic
 Potential and Chemical States in Periodic and Non-Periodic Materials", J. Chem. Theory Comput., Vol. 8 (2012) 2844-2867.
 Thomas A. Manz and David S. Sholl, "Chemically Meaningful Atomic Charges that Reproduce the Electrostatic Potential in Periodic and Nonperiodic
 Materials", J. Chem. Theory Comput., Vol. 6 (2010) 2455-2468.
  
 Please cite the following journal reference when using this program to compute atomic spin moments:
 Thomas A. Manz and David S. Sholl, "Methods for Computing Accurate Atomic Spin Moments for Collinear and Noncollinear Magnetism in Periodic and
 Nonperiodic Materials", J. Chem. Theory Comput., Vol. 7 (2011) 4146-4164.
  
 Please cite the following reference when using this program to compute bond orders:
 Thomas A. Manz, "Introducing DDEC6 atomic population analysis: part 3. Comprehensive method to compute bond orders.", RSC Advances, Vol. 7 (2017) 45552-45581.
  
 Exiting Chargemol
 2017/09/30  19:27:49
  
 ******************** TIME CONTROL ********************
 Finished chargemol in    11.965000152587891      seconds
 ******************************************************
  
